::1 - - [17/Apr/2019:22:34:56 +0000] "POST /weather-search HTTP/1.1" - - "-" "Mozilla/5.0 (Windows NT 10.0; Win64; x64) AppleWebKit/537.36 (KHTML, like Gecko) Chrome/73.0.3683.103 Safari/537.36"
::1 - - [17/Apr/2019:22:37:23 +0000] "POST /weather-search HTTP/1.1" - - "-" "Mozilla/5.0 (Windows NT 10.0; Win64; x64) AppleWebKit/537.36 (KHTML, like Gecko) Chrome/73.0.3683.103 Safari/537.36"
::1 - - [17/Apr/2019:22:56:20 +0000] "POST /weather-search HTTP/1.1" 500 1344 "-" "Mozilla/5.0 (Windows NT 10.0; Win64; x64) AppleWebKit/537.36 (KHTML, like Gecko) Chrome/73.0.3683.103 Safari/537.36"
::1 - - [17/Apr/2019:22:56:20 +0000] "GET /favicon.ico HTTP/1.1" 404 150 "http://localhost:8000/weather-search" "Mozilla/5.0 (Windows NT 10.0; Win64; x64) AppleWebKit/537.36 (KHTML, like Gecko) Chrome/73.0.3683.103 Safari/537.36"
::1 - - [18/Apr/2019:00:13:50 +0000] "POST /weathersearch HTTP/1.1" 200 - "-" "Mozilla/5.0 (Windows NT 10.0; Win64; x64) AppleWebKit/537.36 (KHTML, like Gecko) Chrome/73.0.3683.103 Safari/537.36"
::1 - - [18/Apr/2019:00:13:50 +0000] "GET /publi/css/demo.css HTTP/1.1" 404 157 "http://localhost:8000/weathersearch" "Mozilla/5.0 (Windows NT 10.0; Win64; x64) AppleWebKit/537.36 (KHTML, like Gecko) Chrome/73.0.3683.103 Safari/537.36"
::1 - - [18/Apr/2019:00:13:50 +0000] "GET /public/css/footer-distributed-with-address-and-phones.css HTTP/1.1" 404 196 "http://localhost:8000/weathersearch" "Mozilla/5.0 (Windows NT 10.0; Win64; x64) AppleWebKit/537.36 (KHTML, like Gecko) Chrome/73.0.3683.103 Safari/537.36"
::1 - - [18/Apr/2019:00:13:50 +0000] "GET /public/css/footer-basic-centered.css HTTP/1.1" 404 175 "http://localhost:8000/weathersearch" "Mozilla/5.0 (Windows NT 10.0; Win64; x64) AppleWebKit/537.36 (KHTML, like Gecko) Chrome/73.0.3683.103 Safari/537.36"
::1 - - [18/Apr/2019:00:13:50 +0000] "GET /public/css/footer-distributed-with-contact-form.css HTTP/1.1" 404 190 "http://localhost:8000/weathersearch" "Mozilla/5.0 (Windows NT 10.0; Win64; x64) AppleWebKit/537.36 (KHTML, like Gecko) Chrome/73.0.3683.103 Safari/537.36"
::1 - - [18/Apr/2019:00:13:50 +0000] "GET /public/css/footer-distributed-with-search.css HTTP/1.1" 404 184 "http://localhost:8000/weathersearch" "Mozilla/5.0 (Windows NT 10.0; Win64; x64) AppleWebKit/537.36 (KHTML, like Gecko) Chrome/73.0.3683.103 Safari/537.36"
::1 - - [18/Apr/2019:00:13:50 +0000] "GET /public/css/footer-distributed.css HTTP/1.1" 404 172 "http://localhost:8000/weathersearch" "Mozilla/5.0 (Windows NT 10.0; Win64; x64) AppleWebKit/537.36 (KHTML, like Gecko) Chrome/73.0.3683.103 Safari/537.36"
::1 - - [18/Apr/2019:00:13:50 +0000] "GET /public/css/style.css HTTP/1.1" 404 159 "http://localhost:8000/weathersearch" "Mozilla/5.0 (Windows NT 10.0; Win64; x64) AppleWebKit/537.36 (KHTML, like Gecko) Chrome/73.0.3683.103 Safari/537.36"
::1 - - [18/Apr/2019:00:13:50 +0000] "GET /server.js HTTP/1.1" 404 148 "http://localhost:8000/weathersearch" "Mozilla/5.0 (Windows NT 10.0; Win64; x64) AppleWebKit/537.36 (KHTML, like Gecko) Chrome/73.0.3683.103 Safari/537.36"
::1 - - [18/Apr/2019:00:13:50 +0000] "GET /server.js HTTP/1.1" 404 148 "http://localhost:8000/weathersearch" "Mozilla/5.0 (Windows NT 10.0; Win64; x64) AppleWebKit/537.36 (KHTML, like Gecko) Chrome/73.0.3683.103 Safari/537.36"
::1 - - [18/Apr/2019:01:42:46 +0000] "POST /weathersearch HTTP/1.1" 200 - "-" "Mozilla/5.0 (Windows NT 10.0; Win64; x64) AppleWebKit/537.36 (KHTML, like Gecko) Chrome/73.0.3683.103 Safari/537.36"
::1 - - [18/Apr/2019:01:42:46 +0000] "GET /publi/css/demo.css HTTP/1.1" 404 157 "http://localhost:8000/weathersearch" "Mozilla/5.0 (Windows NT 10.0; Win64; x64) AppleWebKit/537.36 (KHTML, like Gecko) Chrome/73.0.3683.103 Safari/537.36"
::1 - - [18/Apr/2019:01:42:46 +0000] "GET /public/css/footer-distributed-with-address-and-phones.css HTTP/1.1" 404 196 "http://localhost:8000/weathersearch" "Mozilla/5.0 (Windows NT 10.0; Win64; x64) AppleWebKit/537.36 (KHTML, like Gecko) Chrome/73.0.3683.103 Safari/537.36"
::1 - - [18/Apr/2019:01:42:46 +0000] "GET /public/css/footer-basic-centered.css HTTP/1.1" 404 175 "http://localhost:8000/weathersearch" "Mozilla/5.0 (Windows NT 10.0; Win64; x64) AppleWebKit/537.36 (KHTML, like Gecko) Chrome/73.0.3683.103 Safari/537.36"
::1 - - [18/Apr/2019:01:42:46 +0000] "GET /public/css/footer-distributed-with-contact-form.css HTTP/1.1" 404 190 "http://localhost:8000/weathersearch" "Mozilla/5.0 (Windows NT 10.0; Win64; x64) AppleWebKit/537.36 (KHTML, like Gecko) Chrome/73.0.3683.103 Safari/537.36"
::1 - - [18/Apr/2019:01:42:46 +0000] "GET /public/css/footer-distributed-with-search.css HTTP/1.1" 404 184 "http://localhost:8000/weathersearch" "Mozilla/5.0 (Windows NT 10.0; Win64; x64) AppleWebKit/537.36 (KHTML, like Gecko) Chrome/73.0.3683.103 Safari/537.36"
::1 - - [18/Apr/2019:01:42:46 +0000] "GET /public/css/footer-distributed.css HTTP/1.1" 404 172 "http://localhost:8000/weathersearch" "Mozilla/5.0 (Windows NT 10.0; Win64; x64) AppleWebKit/537.36 (KHTML, like Gecko) Chrome/73.0.3683.103 Safari/537.36"
::1 - - [18/Apr/2019:01:42:46 +0000] "GET /public/css/style.css HTTP/1.1" 404 159 "http://localhost:8000/weathersearch" "Mozilla/5.0 (Windows NT 10.0; Win64; x64) AppleWebKit/537.36 (KHTML, like Gecko) Chrome/73.0.3683.103 Safari/537.36"
::1 - - [18/Apr/2019:01:42:46 +0000] "GET /server.js HTTP/1.1" 404 148 "http://localhost:8000/weathersearch" "Mozilla/5.0 (Windows NT 10.0; Win64; x64) AppleWebKit/537.36 (KHTML, like Gecko) Chrome/73.0.3683.103 Safari/537.36"
::1 - - [18/Apr/2019:01:42:46 +0000] "GET /server.js HTTP/1.1" 404 148 "http://localhost:8000/weathersearch" "Mozilla/5.0 (Windows NT 10.0; Win64; x64) AppleWebKit/537.36 (KHTML, like Gecko) Chrome/73.0.3683.103 Safari/537.36"
::1 - - [18/Apr/2019:01:45:24 +0000] "POST /weathersearch HTTP/1.1" 200 - "-" "Mozilla/5.0 (Windows NT 10.0; Win64; x64) AppleWebKit/537.36 (KHTML, like Gecko) Chrome/73.0.3683.103 Safari/537.36"
::1 - - [18/Apr/2019:01:45:24 +0000] "GET /publi/css/demo.css HTTP/1.1" 404 157 "http://localhost:8000/weathersearch" "Mozilla/5.0 (Windows NT 10.0; Win64; x64) AppleWebKit/537.36 (KHTML, like Gecko) Chrome/73.0.3683.103 Safari/537.36"
::1 - - [18/Apr/2019:01:45:24 +0000] "GET /public/css/footer-distributed-with-address-and-phones.css HTTP/1.1" 404 196 "http://localhost:8000/weathersearch" "Mozilla/5.0 (Windows NT 10.0; Win64; x64) AppleWebKit/537.36 (KHTML, like Gecko) Chrome/73.0.3683.103 Safari/537.36"
::1 - - [18/Apr/2019:01:45:24 +0000] "GET /public/css/footer-basic-centered.css HTTP/1.1" 404 175 "http://localhost:8000/weathersearch" "Mozilla/5.0 (Windows NT 10.0; Win64; x64) AppleWebKit/537.36 (KHTML, like Gecko) Chrome/73.0.3683.103 Safari/537.36"
::1 - - [18/Apr/2019:01:45:24 +0000] "GET /public/css/footer-distributed-with-contact-form.css HTTP/1.1" 404 190 "http://localhost:8000/weathersearch" "Mozilla/5.0 (Windows NT 10.0; Win64; x64) AppleWebKit/537.36 (KHTML, like Gecko) Chrome/73.0.3683.103 Safari/537.36"
::1 - - [18/Apr/2019:01:45:24 +0000] "GET /public/css/footer-distributed-with-search.css HTTP/1.1" 404 184 "http://localhost:8000/weathersearch" "Mozilla/5.0 (Windows NT 10.0; Win64; x64) AppleWebKit/537.36 (KHTML, like Gecko) Chrome/73.0.3683.103 Safari/537.36"
::1 - - [18/Apr/2019:01:45:24 +0000] "GET /public/css/footer-distributed.css HTTP/1.1" 404 172 "http://localhost:8000/weathersearch" "Mozilla/5.0 (Windows NT 10.0; Win64; x64) AppleWebKit/537.36 (KHTML, like Gecko) Chrome/73.0.3683.103 Safari/537.36"
::1 - - [18/Apr/2019:01:45:24 +0000] "GET /public/css/style.css HTTP/1.1" 404 159 "http://localhost:8000/weathersearch" "Mozilla/5.0 (Windows NT 10.0; Win64; x64) AppleWebKit/537.36 (KHTML, like Gecko) Chrome/73.0.3683.103 Safari/537.36"
::1 - - [18/Apr/2019:01:45:24 +0000] "GET /server.js HTTP/1.1" 404 148 "http://localhost:8000/weathersearch" "Mozilla/5.0 (Windows NT 10.0; Win64; x64) AppleWebKit/537.36 (KHTML, like Gecko) Chrome/73.0.3683.103 Safari/537.36"
::1 - - [18/Apr/2019:01:45:24 +0000] "GET /server.js HTTP/1.1" 404 148 "http://localhost:8000/weathersearch" "Mozilla/5.0 (Windows NT 10.0; Win64; x64) AppleWebKit/537.36 (KHTML, like Gecko) Chrome/73.0.3683.103 Safari/537.36"
::1 - - [18/Apr/2019:01:46:58 +0000] "POST /weathersearch HTTP/1.1" 200 - "-" "Mozilla/5.0 (Windows NT 10.0; Win64; x64) AppleWebKit/537.36 (KHTML, like Gecko) Chrome/73.0.3683.103 Safari/537.36"
::1 - - [18/Apr/2019:01:46:58 +0000] "GET /publi/css/demo.css HTTP/1.1" 404 157 "http://localhost:8000/weathersearch" "Mozilla/5.0 (Windows NT 10.0; Win64; x64) AppleWebKit/537.36 (KHTML, like Gecko) Chrome/73.0.3683.103 Safari/537.36"
::1 - - [18/Apr/2019:01:46:58 +0000] "GET /public/css/footer-distributed-with-address-and-phones.css HTTP/1.1" 404 196 "http://localhost:8000/weathersearch" "Mozilla/5.0 (Windows NT 10.0; Win64; x64) AppleWebKit/537.36 (KHTML, like Gecko) Chrome/73.0.3683.103 Safari/537.36"
::1 - - [18/Apr/2019:01:46:58 +0000] "GET /public/css/footer-basic-centered.css HTTP/1.1" 404 175 "http://localhost:8000/weathersearch" "Mozilla/5.0 (Windows NT 10.0; Win64; x64) AppleWebKit/537.36 (KHTML, like Gecko) Chrome/73.0.3683.103 Safari/537.36"
::1 - - [18/Apr/2019:01:46:58 +0000] "GET /public/css/footer-distributed-with-contact-form.css HTTP/1.1" 404 190 "http://localhost:8000/weathersearch" "Mozilla/5.0 (Windows NT 10.0; Win64; x64) AppleWebKit/537.36 (KHTML, like Gecko) Chrome/73.0.3683.103 Safari/537.36"
::1 - - [18/Apr/2019:01:46:58 +0000] "GET /public/css/footer-distributed-with-search.css HTTP/1.1" 404 184 "http://localhost:8000/weathersearch" "Mozilla/5.0 (Windows NT 10.0; Win64; x64) AppleWebKit/537.36 (KHTML, like Gecko) Chrome/73.0.3683.103 Safari/537.36"
::1 - - [18/Apr/2019:01:46:58 +0000] "GET /public/css/footer-distributed.css HTTP/1.1" 404 172 "http://localhost:8000/weathersearch" "Mozilla/5.0 (Windows NT 10.0; Win64; x64) AppleWebKit/537.36 (KHTML, like Gecko) Chrome/73.0.3683.103 Safari/537.36"
::1 - - [18/Apr/2019:01:46:58 +0000] "GET /public/css/style.css HTTP/1.1" 404 159 "http://localhost:8000/weathersearch" "Mozilla/5.0 (Windows NT 10.0; Win64; x64) AppleWebKit/537.36 (KHTML, like Gecko) Chrome/73.0.3683.103 Safari/537.36"
::1 - - [18/Apr/2019:01:46:58 +0000] "GET /server.js HTTP/1.1" 404 148 "http://localhost:8000/weathersearch" "Mozilla/5.0 (Windows NT 10.0; Win64; x64) AppleWebKit/537.36 (KHTML, like Gecko) Chrome/73.0.3683.103 Safari/537.36"
::1 - - [18/Apr/2019:01:46:58 +0000] "GET /server.js HTTP/1.1" 404 148 "http://localhost:8000/weathersearch" "Mozilla/5.0 (Windows NT 10.0; Win64; x64) AppleWebKit/537.36 (KHTML, like Gecko) Chrome/73.0.3683.103 Safari/537.36"
::1 - - [18/Apr/2019:01:47:46 +0000] "POST /weathersearch HTTP/1.1" 200 - "-" "Mozilla/5.0 (Windows NT 10.0; Win64; x64) AppleWebKit/537.36 (KHTML, like Gecko) Chrome/73.0.3683.103 Safari/537.36"
::1 - - [18/Apr/2019:01:47:46 +0000] "GET /publi/css/demo.css HTTP/1.1" 404 157 "http://localhost:8000/weathersearch" "Mozilla/5.0 (Windows NT 10.0; Win64; x64) AppleWebKit/537.36 (KHTML, like Gecko) Chrome/73.0.3683.103 Safari/537.36"
::1 - - [18/Apr/2019:01:47:46 +0000] "GET /public/css/footer-distributed-with-address-and-phones.css HTTP/1.1" 404 196 "http://localhost:8000/weathersearch" "Mozilla/5.0 (Windows NT 10.0; Win64; x64) AppleWebKit/537.36 (KHTML, like Gecko) Chrome/73.0.3683.103 Safari/537.36"
::1 - - [18/Apr/2019:01:47:46 +0000] "GET /public/css/footer-basic-centered.css HTTP/1.1" 404 175 "http://localhost:8000/weathersearch" "Mozilla/5.0 (Windows NT 10.0; Win64; x64) AppleWebKit/537.36 (KHTML, like Gecko) Chrome/73.0.3683.103 Safari/537.36"
::1 - - [18/Apr/2019:01:47:46 +0000] "GET /public/css/footer-distributed-with-contact-form.css HTTP/1.1" 404 190 "http://localhost:8000/weathersearch" "Mozilla/5.0 (Windows NT 10.0; Win64; x64) AppleWebKit/537.36 (KHTML, like Gecko) Chrome/73.0.3683.103 Safari/537.36"
::1 - - [18/Apr/2019:01:47:46 +0000] "GET /public/css/footer-distributed-with-search.css HTTP/1.1" 404 184 "http://localhost:8000/weathersearch" "Mozilla/5.0 (Windows NT 10.0; Win64; x64) AppleWebKit/537.36 (KHTML, like Gecko) Chrome/73.0.3683.103 Safari/537.36"
::1 - - [18/Apr/2019:01:47:46 +0000] "GET /public/css/footer-distributed.css HTTP/1.1" 404 172 "http://localhost:8000/weathersearch" "Mozilla/5.0 (Windows NT 10.0; Win64; x64) AppleWebKit/537.36 (KHTML, like Gecko) Chrome/73.0.3683.103 Safari/537.36"
::1 - - [18/Apr/2019:01:47:46 +0000] "GET /public/css/style.css HTTP/1.1" 404 159 "http://localhost:8000/weathersearch" "Mozilla/5.0 (Windows NT 10.0; Win64; x64) AppleWebKit/537.36 (KHTML, like Gecko) Chrome/73.0.3683.103 Safari/537.36"
::1 - - [18/Apr/2019:01:47:46 +0000] "GET /server.js HTTP/1.1" 404 148 "http://localhost:8000/weathersearch" "Mozilla/5.0 (Windows NT 10.0; Win64; x64) AppleWebKit/537.36 (KHTML, like Gecko) Chrome/73.0.3683.103 Safari/537.36"
::1 - - [18/Apr/2019:01:47:46 +0000] "GET /server.js HTTP/1.1" 404 148 "http://localhost:8000/weathersearch" "Mozilla/5.0 (Windows NT 10.0; Win64; x64) AppleWebKit/537.36 (KHTML, like Gecko) Chrome/73.0.3683.103 Safari/537.36"
::1 - - [18/Apr/2019:01:50:07 +0000] "POST /weathersearch HTTP/1.1" 200 - "-" "Mozilla/5.0 (Windows NT 10.0; Win64; x64) AppleWebKit/537.36 (KHTML, like Gecko) Chrome/73.0.3683.103 Safari/537.36"
::1 - - [18/Apr/2019:01:50:07 +0000] "GET /publi/css/demo.css HTTP/1.1" 404 157 "http://localhost:8000/weathersearch" "Mozilla/5.0 (Windows NT 10.0; Win64; x64) AppleWebKit/537.36 (KHTML, like Gecko) Chrome/73.0.3683.103 Safari/537.36"
::1 - - [18/Apr/2019:01:50:07 +0000] "GET /public/css/footer-distributed-with-address-and-phones.css HTTP/1.1" 404 196 "http://localhost:8000/weathersearch" "Mozilla/5.0 (Windows NT 10.0; Win64; x64) AppleWebKit/537.36 (KHTML, like Gecko) Chrome/73.0.3683.103 Safari/537.36"
::1 - - [18/Apr/2019:01:50:07 +0000] "GET /public/css/footer-basic-centered.css HTTP/1.1" 404 175 "http://localhost:8000/weathersearch" "Mozilla/5.0 (Windows NT 10.0; Win64; x64) AppleWebKit/537.36 (KHTML, like Gecko) Chrome/73.0.3683.103 Safari/537.36"
::1 - - [18/Apr/2019:01:50:07 +0000] "GET /public/css/footer-distributed-with-contact-form.css HTTP/1.1" 404 190 "http://localhost:8000/weathersearch" "Mozilla/5.0 (Windows NT 10.0; Win64; x64) AppleWebKit/537.36 (KHTML, like Gecko) Chrome/73.0.3683.103 Safari/537.36"
::1 - - [18/Apr/2019:01:50:07 +0000] "GET /public/css/footer-distributed-with-search.css HTTP/1.1" 404 184 "http://localhost:8000/weathersearch" "Mozilla/5.0 (Windows NT 10.0; Win64; x64) AppleWebKit/537.36 (KHTML, like Gecko) Chrome/73.0.3683.103 Safari/537.36"
::1 - - [18/Apr/2019:01:50:07 +0000] "GET /public/css/footer-distributed.css HTTP/1.1" 404 172 "http://localhost:8000/weathersearch" "Mozilla/5.0 (Windows NT 10.0; Win64; x64) AppleWebKit/537.36 (KHTML, like Gecko) Chrome/73.0.3683.103 Safari/537.36"
::1 - - [18/Apr/2019:01:50:07 +0000] "GET /public/css/style.css HTTP/1.1" 404 159 "http://localhost:8000/weathersearch" "Mozilla/5.0 (Windows NT 10.0; Win64; x64) AppleWebKit/537.36 (KHTML, like Gecko) Chrome/73.0.3683.103 Safari/537.36"
::1 - - [18/Apr/2019:01:50:07 +0000] "GET /server.js HTTP/1.1" 404 148 "http://localhost:8000/weathersearch" "Mozilla/5.0 (Windows NT 10.0; Win64; x64) AppleWebKit/537.36 (KHTML, like Gecko) Chrome/73.0.3683.103 Safari/537.36"
::1 - - [18/Apr/2019:01:50:07 +0000] "GET /server.js HTTP/1.1" 404 148 "http://localhost:8000/weathersearch" "Mozilla/5.0 (Windows NT 10.0; Win64; x64) AppleWebKit/537.36 (KHTML, like Gecko) Chrome/73.0.3683.103 Safari/537.36"
::1 - - [18/Apr/2019:01:50:39 +0000] "POST /weathersearch HTTP/1.1" 200 - "-" "Mozilla/5.0 (Windows NT 10.0; Win64; x64) AppleWebKit/537.36 (KHTML, like Gecko) Chrome/73.0.3683.103 Safari/537.36"
::1 - - [18/Apr/2019:01:50:40 +0000] "GET /publi/css/demo.css HTTP/1.1" 404 157 "http://localhost:8000/weathersearch" "Mozilla/5.0 (Windows NT 10.0; Win64; x64) AppleWebKit/537.36 (KHTML, like Gecko) Chrome/73.0.3683.103 Safari/537.36"
::1 - - [18/Apr/2019:01:50:40 +0000] "GET /public/css/footer-distributed-with-address-and-phones.css HTTP/1.1" 404 196 "http://localhost:8000/weathersearch" "Mozilla/5.0 (Windows NT 10.0; Win64; x64) AppleWebKit/537.36 (KHTML, like Gecko) Chrome/73.0.3683.103 Safari/537.36"
::1 - - [18/Apr/2019:01:50:40 +0000] "GET /public/css/footer-basic-centered.css HTTP/1.1" 404 175 "http://localhost:8000/weathersearch" "Mozilla/5.0 (Windows NT 10.0; Win64; x64) AppleWebKit/537.36 (KHTML, like Gecko) Chrome/73.0.3683.103 Safari/537.36"
::1 - - [18/Apr/2019:01:50:40 +0000] "GET /public/css/footer-distributed-with-contact-form.css HTTP/1.1" 404 190 "http://localhost:8000/weathersearch" "Mozilla/5.0 (Windows NT 10.0; Win64; x64) AppleWebKit/537.36 (KHTML, like Gecko) Chrome/73.0.3683.103 Safari/537.36"
::1 - - [18/Apr/2019:01:50:40 +0000] "GET /public/css/footer-distributed-with-search.css HTTP/1.1" 404 184 "http://localhost:8000/weathersearch" "Mozilla/5.0 (Windows NT 10.0; Win64; x64) AppleWebKit/537.36 (KHTML, like Gecko) Chrome/73.0.3683.103 Safari/537.36"
::1 - - [18/Apr/2019:01:50:40 +0000] "GET /public/css/footer-distributed.css HTTP/1.1" 404 172 "http://localhost:8000/weathersearch" "Mozilla/5.0 (Windows NT 10.0; Win64; x64) AppleWebKit/537.36 (KHTML, like Gecko) Chrome/73.0.3683.103 Safari/537.36"
::1 - - [18/Apr/2019:01:50:40 +0000] "GET /public/css/style.css HTTP/1.1" 404 159 "http://localhost:8000/weathersearch" "Mozilla/5.0 (Windows NT 10.0; Win64; x64) AppleWebKit/537.36 (KHTML, like Gecko) Chrome/73.0.3683.103 Safari/537.36"
::1 - - [18/Apr/2019:01:50:40 +0000] "GET /server.js HTTP/1.1" 404 148 "http://localhost:8000/weathersearch" "Mozilla/5.0 (Windows NT 10.0; Win64; x64) AppleWebKit/537.36 (KHTML, like Gecko) Chrome/73.0.3683.103 Safari/537.36"
::1 - - [18/Apr/2019:01:50:40 +0000] "GET /server.js HTTP/1.1" 404 148 "http://localhost:8000/weathersearch" "Mozilla/5.0 (Windows NT 10.0; Win64; x64) AppleWebKit/537.36 (KHTML, like Gecko) Chrome/73.0.3683.103 Safari/537.36"
::1 - - [18/Apr/2019:01:51:00 +0000] "POST /weathersearch HTTP/1.1" 200 - "-" "Mozilla/5.0 (Windows NT 10.0; Win64; x64) AppleWebKit/537.36 (KHTML, like Gecko) Chrome/73.0.3683.103 Safari/537.36"
::1 - - [18/Apr/2019:01:51:00 +0000] "GET /publi/css/demo.css HTTP/1.1" 404 157 "http://localhost:8000/weathersearch" "Mozilla/5.0 (Windows NT 10.0; Win64; x64) AppleWebKit/537.36 (KHTML, like Gecko) Chrome/73.0.3683.103 Safari/537.36"
::1 - - [18/Apr/2019:01:51:00 +0000] "GET /public/css/footer-distributed-with-address-and-phones.css HTTP/1.1" 404 196 "http://localhost:8000/weathersearch" "Mozilla/5.0 (Windows NT 10.0; Win64; x64) AppleWebKit/537.36 (KHTML, like Gecko) Chrome/73.0.3683.103 Safari/537.36"
::1 - - [18/Apr/2019:01:51:00 +0000] "GET /public/css/footer-basic-centered.css HTTP/1.1" 404 175 "http://localhost:8000/weathersearch" "Mozilla/5.0 (Windows NT 10.0; Win64; x64) AppleWebKit/537.36 (KHTML, like Gecko) Chrome/73.0.3683.103 Safari/537.36"
::1 - - [18/Apr/2019:01:51:00 +0000] "GET /public/css/footer-distributed-with-contact-form.css HTTP/1.1" 404 190 "http://localhost:8000/weathersearch" "Mozilla/5.0 (Windows NT 10.0; Win64; x64) AppleWebKit/537.36 (KHTML, like Gecko) Chrome/73.0.3683.103 Safari/537.36"
::1 - - [18/Apr/2019:01:51:00 +0000] "GET /public/css/footer-distributed-with-search.css HTTP/1.1" 404 184 "http://localhost:8000/weathersearch" "Mozilla/5.0 (Windows NT 10.0; Win64; x64) AppleWebKit/537.36 (KHTML, like Gecko) Chrome/73.0.3683.103 Safari/537.36"
::1 - - [18/Apr/2019:01:51:00 +0000] "GET /public/css/footer-distributed.css HTTP/1.1" 404 172 "http://localhost:8000/weathersearch" "Mozilla/5.0 (Windows NT 10.0; Win64; x64) AppleWebKit/537.36 (KHTML, like Gecko) Chrome/73.0.3683.103 Safari/537.36"
::1 - - [18/Apr/2019:01:51:00 +0000] "GET /public/css/style.css HTTP/1.1" 404 159 "http://localhost:8000/weathersearch" "Mozilla/5.0 (Windows NT 10.0; Win64; x64) AppleWebKit/537.36 (KHTML, like Gecko) Chrome/73.0.3683.103 Safari/537.36"
::1 - - [18/Apr/2019:01:51:00 +0000] "GET /server.js HTTP/1.1" 404 148 "http://localhost:8000/weathersearch" "Mozilla/5.0 (Windows NT 10.0; Win64; x64) AppleWebKit/537.36 (KHTML, like Gecko) Chrome/73.0.3683.103 Safari/537.36"
::1 - - [18/Apr/2019:01:51:00 +0000] "GET /server.js HTTP/1.1" 404 148 "http://localhost:8000/weathersearch" "Mozilla/5.0 (Windows NT 10.0; Win64; x64) AppleWebKit/537.36 (KHTML, like Gecko) Chrome/73.0.3683.103 Safari/537.36"
::1 - - [18/Apr/2019:01:51:15 +0000] "POST /weathersearch HTTP/1.1" 200 - "-" "Mozilla/5.0 (Windows NT 10.0; Win64; x64) AppleWebKit/537.36 (KHTML, like Gecko) Chrome/73.0.3683.103 Safari/537.36"
::1 - - [18/Apr/2019:01:51:15 +0000] "GET /publi/css/demo.css HTTP/1.1" 404 157 "http://localhost:8000/weathersearch" "Mozilla/5.0 (Windows NT 10.0; Win64; x64) AppleWebKit/537.36 (KHTML, like Gecko) Chrome/73.0.3683.103 Safari/537.36"
::1 - - [18/Apr/2019:01:51:15 +0000] "GET /public/css/footer-distributed-with-address-and-phones.css HTTP/1.1" 404 196 "http://localhost:8000/weathersearch" "Mozilla/5.0 (Windows NT 10.0; Win64; x64) AppleWebKit/537.36 (KHTML, like Gecko) Chrome/73.0.3683.103 Safari/537.36"
::1 - - [18/Apr/2019:01:51:15 +0000] "GET /public/css/footer-basic-centered.css HTTP/1.1" 404 175 "http://localhost:8000/weathersearch" "Mozilla/5.0 (Windows NT 10.0; Win64; x64) AppleWebKit/537.36 (KHTML, like Gecko) Chrome/73.0.3683.103 Safari/537.36"
::1 - - [18/Apr/2019:01:51:15 +0000] "GET /public/css/footer-distributed-with-contact-form.css HTTP/1.1" 404 190 "http://localhost:8000/weathersearch" "Mozilla/5.0 (Windows NT 10.0; Win64; x64) AppleWebKit/537.36 (KHTML, like Gecko) Chrome/73.0.3683.103 Safari/537.36"
::1 - - [18/Apr/2019:01:51:15 +0000] "GET /public/css/footer-distributed-with-search.css HTTP/1.1" 404 184 "http://localhost:8000/weathersearch" "Mozilla/5.0 (Windows NT 10.0; Win64; x64) AppleWebKit/537.36 (KHTML, like Gecko) Chrome/73.0.3683.103 Safari/537.36"
::1 - - [18/Apr/2019:01:51:15 +0000] "GET /server.js HTTP/1.1" 404 148 "http://localhost:8000/weathersearch" "Mozilla/5.0 (Windows NT 10.0; Win64; x64) AppleWebKit/537.36 (KHTML, like Gecko) Chrome/73.0.3683.103 Safari/537.36"
::1 - - [18/Apr/2019:01:51:15 +0000] "GET /public/css/footer-distributed.css HTTP/1.1" 404 172 "http://localhost:8000/weathersearch" "Mozilla/5.0 (Windows NT 10.0; Win64; x64) AppleWebKit/537.36 (KHTML, like Gecko) Chrome/73.0.3683.103 Safari/537.36"
::1 - - [18/Apr/2019:01:51:15 +0000] "GET /public/css/style.css HTTP/1.1" 404 159 "http://localhost:8000/weathersearch" "Mozilla/5.0 (Windows NT 10.0; Win64; x64) AppleWebKit/537.36 (KHTML, like Gecko) Chrome/73.0.3683.103 Safari/537.36"
::1 - - [18/Apr/2019:01:51:15 +0000] "GET /server.js HTTP/1.1" 404 148 "http://localhost:8000/weathersearch" "Mozilla/5.0 (Windows NT 10.0; Win64; x64) AppleWebKit/537.36 (KHTML, like Gecko) Chrome/73.0.3683.103 Safari/537.36"
::1 - - [18/Apr/2019:01:51:18 +0000] "POST /weathersearch HTTP/1.1" 200 - "-" "Mozilla/5.0 (Windows NT 10.0; Win64; x64) AppleWebKit/537.36 (KHTML, like Gecko) Chrome/73.0.3683.103 Safari/537.36"
::1 - - [18/Apr/2019:01:51:18 +0000] "GET /publi/css/demo.css HTTP/1.1" 404 157 "http://localhost:8000/weathersearch" "Mozilla/5.0 (Windows NT 10.0; Win64; x64) AppleWebKit/537.36 (KHTML, like Gecko) Chrome/73.0.3683.103 Safari/537.36"
::1 - - [18/Apr/2019:01:51:18 +0000] "GET /public/css/footer-distributed-with-address-and-phones.css HTTP/1.1" 404 196 "http://localhost:8000/weathersearch" "Mozilla/5.0 (Windows NT 10.0; Win64; x64) AppleWebKit/537.36 (KHTML, like Gecko) Chrome/73.0.3683.103 Safari/537.36"
::1 - - [18/Apr/2019:01:51:18 +0000] "GET /public/css/footer-basic-centered.css HTTP/1.1" 404 175 "http://localhost:8000/weathersearch" "Mozilla/5.0 (Windows NT 10.0; Win64; x64) AppleWebKit/537.36 (KHTML, like Gecko) Chrome/73.0.3683.103 Safari/537.36"
::1 - - [18/Apr/2019:01:51:18 +0000] "GET /public/css/footer-distributed-with-contact-form.css HTTP/1.1" 404 190 "http://localhost:8000/weathersearch" "Mozilla/5.0 (Windows NT 10.0; Win64; x64) AppleWebKit/537.36 (KHTML, like Gecko) Chrome/73.0.3683.103 Safari/537.36"
::1 - - [18/Apr/2019:01:51:18 +0000] "GET /public/css/footer-distributed-with-search.css HTTP/1.1" 404 184 "http://localhost:8000/weathersearch" "Mozilla/5.0 (Windows NT 10.0; Win64; x64) AppleWebKit/537.36 (KHTML, like Gecko) Chrome/73.0.3683.103 Safari/537.36"
::1 - - [18/Apr/2019:01:51:18 +0000] "GET /public/css/footer-distributed.css HTTP/1.1" 404 172 "http://localhost:8000/weathersearch" "Mozilla/5.0 (Windows NT 10.0; Win64; x64) AppleWebKit/537.36 (KHTML, like Gecko) Chrome/73.0.3683.103 Safari/537.36"
::1 - - [18/Apr/2019:01:51:18 +0000] "GET /public/css/style.css HTTP/1.1" 404 159 "http://localhost:8000/weathersearch" "Mozilla/5.0 (Windows NT 10.0; Win64; x64) AppleWebKit/537.36 (KHTML, like Gecko) Chrome/73.0.3683.103 Safari/537.36"
::1 - - [18/Apr/2019:01:51:18 +0000] "GET /server.js HTTP/1.1" 404 148 "http://localhost:8000/weathersearch" "Mozilla/5.0 (Windows NT 10.0; Win64; x64) AppleWebKit/537.36 (KHTML, like Gecko) Chrome/73.0.3683.103 Safari/537.36"
::1 - - [18/Apr/2019:01:51:18 +0000] "GET /server.js HTTP/1.1" 404 148 "http://localhost:8000/weathersearch" "Mozilla/5.0 (Windows NT 10.0; Win64; x64) AppleWebKit/537.36 (KHTML, like Gecko) Chrome/73.0.3683.103 Safari/537.36"
::1 - - [18/Apr/2019:01:51:20 +0000] "POST /weathersearch HTTP/1.1" 200 - "http://localhost:8000/weathersearch" "Mozilla/5.0 (Windows NT 10.0; Win64; x64) AppleWebKit/537.36 (KHTML, like Gecko) Chrome/73.0.3683.103 Safari/537.36"
::1 - - [18/Apr/2019:01:51:20 +0000] "GET /publi/css/demo.css HTTP/1.1" 404 157 "http://localhost:8000/weathersearch" "Mozilla/5.0 (Windows NT 10.0; Win64; x64) AppleWebKit/537.36 (KHTML, like Gecko) Chrome/73.0.3683.103 Safari/537.36"
::1 - - [18/Apr/2019:01:51:20 +0000] "GET /public/css/footer-distributed-with-address-and-phones.css HTTP/1.1" 404 196 "http://localhost:8000/weathersearch" "Mozilla/5.0 (Windows NT 10.0; Win64; x64) AppleWebKit/537.36 (KHTML, like Gecko) Chrome/73.0.3683.103 Safari/537.36"
::1 - - [18/Apr/2019:01:51:20 +0000] "GET /public/css/footer-basic-centered.css HTTP/1.1" 404 175 "http://localhost:8000/weathersearch" "Mozilla/5.0 (Windows NT 10.0; Win64; x64) AppleWebKit/537.36 (KHTML, like Gecko) Chrome/73.0.3683.103 Safari/537.36"
::1 - - [18/Apr/2019:01:51:20 +0000] "GET /public/css/footer-distributed-with-contact-form.css HTTP/1.1" 404 190 "http://localhost:8000/weathersearch" "Mozilla/5.0 (Windows NT 10.0; Win64; x64) AppleWebKit/537.36 (KHTML, like Gecko) Chrome/73.0.3683.103 Safari/537.36"
::1 - - [18/Apr/2019:01:51:20 +0000] "GET /public/css/footer-distributed-with-search.css HTTP/1.1" 404 184 "http://localhost:8000/weathersearch" "Mozilla/5.0 (Windows NT 10.0; Win64; x64) AppleWebKit/537.36 (KHTML, like Gecko) Chrome/73.0.3683.103 Safari/537.36"
::1 - - [18/Apr/2019:01:51:20 +0000] "GET /public/css/footer-distributed.css HTTP/1.1" 404 172 "http://localhost:8000/weathersearch" "Mozilla/5.0 (Windows NT 10.0; Win64; x64) AppleWebKit/537.36 (KHTML, like Gecko) Chrome/73.0.3683.103 Safari/537.36"
::1 - - [18/Apr/2019:01:51:20 +0000] "GET /public/css/style.css HTTP/1.1" 404 159 "http://localhost:8000/weathersearch" "Mozilla/5.0 (Windows NT 10.0; Win64; x64) AppleWebKit/537.36 (KHTML, like Gecko) Chrome/73.0.3683.103 Safari/537.36"
::1 - - [18/Apr/2019:01:51:20 +0000] "GET /server.js HTTP/1.1" 404 148 "http://localhost:8000/weathersearch" "Mozilla/5.0 (Windows NT 10.0; Win64; x64) AppleWebKit/537.36 (KHTML, like Gecko) Chrome/73.0.3683.103 Safari/537.36"
::1 - - [18/Apr/2019:01:51:20 +0000] "GET /server.js HTTP/1.1" 404 148 "http://localhost:8000/weathersearch" "Mozilla/5.0 (Windows NT 10.0; Win64; x64) AppleWebKit/537.36 (KHTML, like Gecko) Chrome/73.0.3683.103 Safari/537.36"
::1 - - [18/Apr/2019:01:54:43 +0000] "POST /weathersearch HTTP/1.1" 200 - "-" "Mozilla/5.0 (Windows NT 10.0; Win64; x64) AppleWebKit/537.36 (KHTML, like Gecko) Chrome/73.0.3683.103 Safari/537.36"
::1 - - [18/Apr/2019:01:54:43 +0000] "GET /publi/css/demo.css HTTP/1.1" 404 157 "http://localhost:8000/weathersearch" "Mozilla/5.0 (Windows NT 10.0; Win64; x64) AppleWebKit/537.36 (KHTML, like Gecko) Chrome/73.0.3683.103 Safari/537.36"
::1 - - [18/Apr/2019:01:54:43 +0000] "GET /public/css/footer-distributed-with-address-and-phones.css HTTP/1.1" 404 196 "http://localhost:8000/weathersearch" "Mozilla/5.0 (Windows NT 10.0; Win64; x64) AppleWebKit/537.36 (KHTML, like Gecko) Chrome/73.0.3683.103 Safari/537.36"
::1 - - [18/Apr/2019:01:54:43 +0000] "GET /public/css/footer-basic-centered.css HTTP/1.1" 404 175 "http://localhost:8000/weathersearch" "Mozilla/5.0 (Windows NT 10.0; Win64; x64) AppleWebKit/537.36 (KHTML, like Gecko) Chrome/73.0.3683.103 Safari/537.36"
::1 - - [18/Apr/2019:01:54:43 +0000] "GET /public/css/footer-distributed-with-contact-form.css HTTP/1.1" 404 190 "http://localhost:8000/weathersearch" "Mozilla/5.0 (Windows NT 10.0; Win64; x64) AppleWebKit/537.36 (KHTML, like Gecko) Chrome/73.0.3683.103 Safari/537.36"
::1 - - [18/Apr/2019:01:54:43 +0000] "GET /public/css/footer-distributed-with-search.css HTTP/1.1" 404 184 "http://localhost:8000/weathersearch" "Mozilla/5.0 (Windows NT 10.0; Win64; x64) AppleWebKit/537.36 (KHTML, like Gecko) Chrome/73.0.3683.103 Safari/537.36"
::1 - - [18/Apr/2019:01:54:43 +0000] "GET /server.js HTTP/1.1" 404 148 "http://localhost:8000/weathersearch" "Mozilla/5.0 (Windows NT 10.0; Win64; x64) AppleWebKit/537.36 (KHTML, like Gecko) Chrome/73.0.3683.103 Safari/537.36"
::1 - - [18/Apr/2019:01:54:43 +0000] "GET /public/css/footer-distributed.css HTTP/1.1" 404 172 "http://localhost:8000/weathersearch" "Mozilla/5.0 (Windows NT 10.0; Win64; x64) AppleWebKit/537.36 (KHTML, like Gecko) Chrome/73.0.3683.103 Safari/537.36"
::1 - - [18/Apr/2019:01:54:43 +0000] "GET /public/css/style.css HTTP/1.1" 404 159 "http://localhost:8000/weathersearch" "Mozilla/5.0 (Windows NT 10.0; Win64; x64) AppleWebKit/537.36 (KHTML, like Gecko) Chrome/73.0.3683.103 Safari/537.36"
::1 - - [18/Apr/2019:01:54:43 +0000] "GET /server.js HTTP/1.1" 404 148 "http://localhost:8000/weathersearch" "Mozilla/5.0 (Windows NT 10.0; Win64; x64) AppleWebKit/537.36 (KHTML, like Gecko) Chrome/73.0.3683.103 Safari/537.36"
::1 - - [18/Apr/2019:01:56:04 +0000] "POST /weathersearch HTTP/1.1" 200 - "-" "Mozilla/5.0 (Windows NT 10.0; Win64; x64) AppleWebKit/537.36 (KHTML, like Gecko) Chrome/73.0.3683.103 Safari/537.36"
::1 - - [18/Apr/2019:01:56:04 +0000] "GET /publi/css/demo.css HTTP/1.1" 404 157 "http://localhost:8000/weathersearch" "Mozilla/5.0 (Windows NT 10.0; Win64; x64) AppleWebKit/537.36 (KHTML, like Gecko) Chrome/73.0.3683.103 Safari/537.36"
::1 - - [18/Apr/2019:01:56:04 +0000] "GET /public/css/footer-distributed-with-address-and-phones.css HTTP/1.1" 404 196 "http://localhost:8000/weathersearch" "Mozilla/5.0 (Windows NT 10.0; Win64; x64) AppleWebKit/537.36 (KHTML, like Gecko) Chrome/73.0.3683.103 Safari/537.36"
::1 - - [18/Apr/2019:01:56:04 +0000] "GET /public/css/footer-basic-centered.css HTTP/1.1" 404 175 "http://localhost:8000/weathersearch" "Mozilla/5.0 (Windows NT 10.0; Win64; x64) AppleWebKit/537.36 (KHTML, like Gecko) Chrome/73.0.3683.103 Safari/537.36"
::1 - - [18/Apr/2019:01:56:04 +0000] "GET /public/css/footer-distributed-with-contact-form.css HTTP/1.1" 404 190 "http://localhost:8000/weathersearch" "Mozilla/5.0 (Windows NT 10.0; Win64; x64) AppleWebKit/537.36 (KHTML, like Gecko) Chrome/73.0.3683.103 Safari/537.36"
::1 - - [18/Apr/2019:01:56:04 +0000] "GET /public/css/footer-distributed-with-search.css HTTP/1.1" 404 184 "http://localhost:8000/weathersearch" "Mozilla/5.0 (Windows NT 10.0; Win64; x64) AppleWebKit/537.36 (KHTML, like Gecko) Chrome/73.0.3683.103 Safari/537.36"
::1 - - [18/Apr/2019:01:56:04 +0000] "GET /public/css/footer-distributed.css HTTP/1.1" 404 172 "http://localhost:8000/weathersearch" "Mozilla/5.0 (Windows NT 10.0; Win64; x64) AppleWebKit/537.36 (KHTML, like Gecko) Chrome/73.0.3683.103 Safari/537.36"
::1 - - [18/Apr/2019:01:56:04 +0000] "GET /public/css/style.css HTTP/1.1" 404 159 "http://localhost:8000/weathersearch" "Mozilla/5.0 (Windows NT 10.0; Win64; x64) AppleWebKit/537.36 (KHTML, like Gecko) Chrome/73.0.3683.103 Safari/537.36"
::1 - - [18/Apr/2019:01:56:04 +0000] "GET /server.js HTTP/1.1" 404 148 "http://localhost:8000/weathersearch" "Mozilla/5.0 (Windows NT 10.0; Win64; x64) AppleWebKit/537.36 (KHTML, like Gecko) Chrome/73.0.3683.103 Safari/537.36"
::1 - - [18/Apr/2019:01:56:04 +0000] "GET /server.js HTTP/1.1" 404 148 "http://localhost:8000/weathersearch" "Mozilla/5.0 (Windows NT 10.0; Win64; x64) AppleWebKit/537.36 (KHTML, like Gecko) Chrome/73.0.3683.103 Safari/537.36"
::1 - - [18/Apr/2019:01:56:08 +0000] "POST /weathersearch HTTP/1.1" 200 - "-" "Mozilla/5.0 (Windows NT 10.0; Win64; x64) AppleWebKit/537.36 (KHTML, like Gecko) Chrome/73.0.3683.103 Safari/537.36"
::1 - - [18/Apr/2019:01:56:08 +0000] "GET /publi/css/demo.css HTTP/1.1" 404 157 "http://localhost:8000/weathersearch" "Mozilla/5.0 (Windows NT 10.0; Win64; x64) AppleWebKit/537.36 (KHTML, like Gecko) Chrome/73.0.3683.103 Safari/537.36"
::1 - - [18/Apr/2019:01:56:08 +0000] "GET /public/css/footer-distributed-with-address-and-phones.css HTTP/1.1" 404 196 "http://localhost:8000/weathersearch" "Mozilla/5.0 (Windows NT 10.0; Win64; x64) AppleWebKit/537.36 (KHTML, like Gecko) Chrome/73.0.3683.103 Safari/537.36"
::1 - - [18/Apr/2019:01:56:08 +0000] "GET /public/css/footer-basic-centered.css HTTP/1.1" 404 175 "http://localhost:8000/weathersearch" "Mozilla/5.0 (Windows NT 10.0; Win64; x64) AppleWebKit/537.36 (KHTML, like Gecko) Chrome/73.0.3683.103 Safari/537.36"
::1 - - [18/Apr/2019:01:56:08 +0000] "GET /public/css/footer-distributed-with-contact-form.css HTTP/1.1" 404 190 "http://localhost:8000/weathersearch" "Mozilla/5.0 (Windows NT 10.0; Win64; x64) AppleWebKit/537.36 (KHTML, like Gecko) Chrome/73.0.3683.103 Safari/537.36"
::1 - - [18/Apr/2019:01:56:08 +0000] "GET /public/css/footer-distributed-with-search.css HTTP/1.1" 404 184 "http://localhost:8000/weathersearch" "Mozilla/5.0 (Windows NT 10.0; Win64; x64) AppleWebKit/537.36 (KHTML, like Gecko) Chrome/73.0.3683.103 Safari/537.36"
::1 - - [18/Apr/2019:01:56:08 +0000] "GET /public/css/footer-distributed.css HTTP/1.1" 404 172 "http://localhost:8000/weathersearch" "Mozilla/5.0 (Windows NT 10.0; Win64; x64) AppleWebKit/537.36 (KHTML, like Gecko) Chrome/73.0.3683.103 Safari/537.36"
::1 - - [18/Apr/2019:01:56:08 +0000] "GET /public/css/style.css HTTP/1.1" 404 159 "http://localhost:8000/weathersearch" "Mozilla/5.0 (Windows NT 10.0; Win64; x64) AppleWebKit/537.36 (KHTML, like Gecko) Chrome/73.0.3683.103 Safari/537.36"
::1 - - [18/Apr/2019:01:56:08 +0000] "GET /server.js HTTP/1.1" 404 148 "http://localhost:8000/weathersearch" "Mozilla/5.0 (Windows NT 10.0; Win64; x64) AppleWebKit/537.36 (KHTML, like Gecko) Chrome/73.0.3683.103 Safari/537.36"
::1 - - [18/Apr/2019:01:56:08 +0000] "GET /server.js HTTP/1.1" 404 148 "http://localhost:8000/weathersearch" "Mozilla/5.0 (Windows NT 10.0; Win64; x64) AppleWebKit/537.36 (KHTML, like Gecko) Chrome/73.0.3683.103 Safari/537.36"
::1 - - [18/Apr/2019:09:28:17 +0000] "GET / HTTP/1.1" 200 5717 "-" "Mozilla/5.0 (Macintosh; Intel Mac OS X 10_13_6) AppleWebKit/537.36 (KHTML, like Gecko) Chrome/73.0.3683.103 Safari/537.36"
::1 - - [18/Apr/2019:09:28:17 +0000] "GET /public/css/footer-distributed-with-address-and-phones.css HTTP/1.1" 404 196 "http://localhost:8000/" "Mozilla/5.0 (Macintosh; Intel Mac OS X 10_13_6) AppleWebKit/537.36 (KHTML, like Gecko) Chrome/73.0.3683.103 Safari/537.36"
::1 - - [18/Apr/2019:09:28:17 +0000] "GET /public/css/footer-distributed-with-contact-form.css HTTP/1.1" 404 190 "http://localhost:8000/" "Mozilla/5.0 (Macintosh; Intel Mac OS X 10_13_6) AppleWebKit/537.36 (KHTML, like Gecko) Chrome/73.0.3683.103 Safari/537.36"
::1 - - [18/Apr/2019:09:28:17 +0000] "GET /public/css/footer-distributed-with-search.css HTTP/1.1" 404 184 "http://localhost:8000/" "Mozilla/5.0 (Macintosh; Intel Mac OS X 10_13_6) AppleWebKit/537.36 (KHTML, like Gecko) Chrome/73.0.3683.103 Safari/537.36"
::1 - - [18/Apr/2019:09:28:17 +0000] "GET /public/css/footer-distributed.css HTTP/1.1" 404 172 "http://localhost:8000/" "Mozilla/5.0 (Macintosh; Intel Mac OS X 10_13_6) AppleWebKit/537.36 (KHTML, like Gecko) Chrome/73.0.3683.103 Safari/537.36"
::1 - - [18/Apr/2019:09:28:17 +0000] "GET /public/css/style.css HTTP/1.1" 404 159 "http://localhost:8000/" "Mozilla/5.0 (Macintosh; Intel Mac OS X 10_13_6) AppleWebKit/537.36 (KHTML, like Gecko) Chrome/73.0.3683.103 Safari/537.36"
::1 - - [18/Apr/2019:09:28:17 +0000] "GET /publi/css/demo.css HTTP/1.1" 404 157 "http://localhost:8000/" "Mozilla/5.0 (Macintosh; Intel Mac OS X 10_13_6) AppleWebKit/537.36 (KHTML, like Gecko) Chrome/73.0.3683.103 Safari/537.36"
::1 - - [18/Apr/2019:09:28:17 +0000] "GET /public/css/footer-basic-centered.css HTTP/1.1" 404 175 "http://localhost:8000/" "Mozilla/5.0 (Macintosh; Intel Mac OS X 10_13_6) AppleWebKit/537.36 (KHTML, like Gecko) Chrome/73.0.3683.103 Safari/537.36"
::1 - - [18/Apr/2019:09:28:17 +0000] "GET /server.js HTTP/1.1" 404 148 "http://localhost:8000/" "Mozilla/5.0 (Macintosh; Intel Mac OS X 10_13_6) AppleWebKit/537.36 (KHTML, like Gecko) Chrome/73.0.3683.103 Safari/537.36"
::1 - - [18/Apr/2019:09:28:18 +0000] "GET /server.js HTTP/1.1" 404 148 "http://localhost:8000/" "Mozilla/5.0 (Macintosh; Intel Mac OS X 10_13_6) AppleWebKit/537.36 (KHTML, like Gecko) Chrome/73.0.3683.103 Safari/537.36"
::1 - - [18/Apr/2019:09:28:31 +0000] "POST /weathersearch HTTP/1.1" 200 - "http://localhost:8000/" "Mozilla/5.0 (Macintosh; Intel Mac OS X 10_13_6) AppleWebKit/537.36 (KHTML, like Gecko) Chrome/73.0.3683.103 Safari/537.36"
::1 - - [18/Apr/2019:09:28:31 +0000] "GET /public/css/footer-distributed-with-contact-form.css HTTP/1.1" 404 190 "http://localhost:8000/weathersearch" "Mozilla/5.0 (Macintosh; Intel Mac OS X 10_13_6) AppleWebKit/537.36 (KHTML, like Gecko) Chrome/73.0.3683.103 Safari/537.36"
::1 - - [18/Apr/2019:09:28:31 +0000] "GET /public/css/footer-distributed-with-search.css HTTP/1.1" 404 184 "http://localhost:8000/weathersearch" "Mozilla/5.0 (Macintosh; Intel Mac OS X 10_13_6) AppleWebKit/537.36 (KHTML, like Gecko) Chrome/73.0.3683.103 Safari/537.36"
::1 - - [18/Apr/2019:09:28:31 +0000] "GET /public/css/footer-distributed.css HTTP/1.1" 404 172 "http://localhost:8000/weathersearch" "Mozilla/5.0 (Macintosh; Intel Mac OS X 10_13_6) AppleWebKit/537.36 (KHTML, like Gecko) Chrome/73.0.3683.103 Safari/537.36"
::1 - - [18/Apr/2019:09:28:31 +0000] "GET /publi/css/demo.css HTTP/1.1" 404 157 "http://localhost:8000/weathersearch" "Mozilla/5.0 (Macintosh; Intel Mac OS X 10_13_6) AppleWebKit/537.36 (KHTML, like Gecko) Chrome/73.0.3683.103 Safari/537.36"
::1 - - [18/Apr/2019:09:28:31 +0000] "GET /public/css/footer-distributed-with-address-and-phones.css HTTP/1.1" 404 196 "http://localhost:8000/weathersearch" "Mozilla/5.0 (Macintosh; Intel Mac OS X 10_13_6) AppleWebKit/537.36 (KHTML, like Gecko) Chrome/73.0.3683.103 Safari/537.36"
::1 - - [18/Apr/2019:09:28:31 +0000] "GET /public/css/footer-basic-centered.css HTTP/1.1" 404 175 "http://localhost:8000/weathersearch" "Mozilla/5.0 (Macintosh; Intel Mac OS X 10_13_6) AppleWebKit/537.36 (KHTML, like Gecko) Chrome/73.0.3683.103 Safari/537.36"
::1 - - [18/Apr/2019:09:28:31 +0000] "GET /public/css/style.css HTTP/1.1" 404 159 "http://localhost:8000/weathersearch" "Mozilla/5.0 (Macintosh; Intel Mac OS X 10_13_6) AppleWebKit/537.36 (KHTML, like Gecko) Chrome/73.0.3683.103 Safari/537.36"
::1 - - [18/Apr/2019:09:28:31 +0000] "GET /server.js HTTP/1.1" 404 148 "http://localhost:8000/weathersearch" "Mozilla/5.0 (Macintosh; Intel Mac OS X 10_13_6) AppleWebKit/537.36 (KHTML, like Gecko) Chrome/73.0.3683.103 Safari/537.36"
::1 - - [18/Apr/2019:09:28:31 +0000] "GET /server.js HTTP/1.1" 404 148 "http://localhost:8000/weathersearch" "Mozilla/5.0 (Macintosh; Intel Mac OS X 10_13_6) AppleWebKit/537.36 (KHTML, like Gecko) Chrome/73.0.3683.103 Safari/537.36"
::1 - - [18/Apr/2019:09:28:47 +0000] "GET / HTTP/1.1" 304 - "-" "Mozilla/5.0 (Macintosh; Intel Mac OS X 10_13_6) AppleWebKit/537.36 (KHTML, like Gecko) Chrome/73.0.3683.103 Safari/537.36"
::1 - - [18/Apr/2019:09:28:47 +0000] "GET /publi/css/demo.css HTTP/1.1" 404 157 "http://localhost:8000/" "Mozilla/5.0 (Macintosh; Intel Mac OS X 10_13_6) AppleWebKit/537.36 (KHTML, like Gecko) Chrome/73.0.3683.103 Safari/537.36"
::1 - - [18/Apr/2019:09:28:47 +0000] "GET /public/css/footer-distributed-with-address-and-phones.css HTTP/1.1" 404 196 "http://localhost:8000/" "Mozilla/5.0 (Macintosh; Intel Mac OS X 10_13_6) AppleWebKit/537.36 (KHTML, like Gecko) Chrome/73.0.3683.103 Safari/537.36"
::1 - - [18/Apr/2019:09:28:47 +0000] "GET /public/css/footer-basic-centered.css HTTP/1.1" 404 175 "http://localhost:8000/" "Mozilla/5.0 (Macintosh; Intel Mac OS X 10_13_6) AppleWebKit/537.36 (KHTML, like Gecko) Chrome/73.0.3683.103 Safari/537.36"
::1 - - [18/Apr/2019:09:28:47 +0000] "GET /public/css/footer-distributed-with-contact-form.css HTTP/1.1" 404 190 "http://localhost:8000/" "Mozilla/5.0 (Macintosh; Intel Mac OS X 10_13_6) AppleWebKit/537.36 (KHTML, like Gecko) Chrome/73.0.3683.103 Safari/537.36"
::1 - - [18/Apr/2019:09:28:47 +0000] "GET /public/css/footer-distributed-with-search.css HTTP/1.1" 404 184 "http://localhost:8000/" "Mozilla/5.0 (Macintosh; Intel Mac OS X 10_13_6) AppleWebKit/537.36 (KHTML, like Gecko) Chrome/73.0.3683.103 Safari/537.36"
::1 - - [18/Apr/2019:09:28:47 +0000] "GET /public/css/footer-distributed.css HTTP/1.1" 404 172 "http://localhost:8000/" "Mozilla/5.0 (Macintosh; Intel Mac OS X 10_13_6) AppleWebKit/537.36 (KHTML, like Gecko) Chrome/73.0.3683.103 Safari/537.36"
::1 - - [18/Apr/2019:09:28:47 +0000] "GET /public/css/style.css HTTP/1.1" 404 159 "http://localhost:8000/" "Mozilla/5.0 (Macintosh; Intel Mac OS X 10_13_6) AppleWebKit/537.36 (KHTML, like Gecko) Chrome/73.0.3683.103 Safari/537.36"
::1 - - [18/Apr/2019:09:28:47 +0000] "GET /server.js HTTP/1.1" 404 148 "http://localhost:8000/" "Mozilla/5.0 (Macintosh; Intel Mac OS X 10_13_6) AppleWebKit/537.36 (KHTML, like Gecko) Chrome/73.0.3683.103 Safari/537.36"
::1 - - [18/Apr/2019:09:28:47 +0000] "GET /server.js HTTP/1.1" 404 148 "http://localhost:8000/" "Mozilla/5.0 (Macintosh; Intel Mac OS X 10_13_6) AppleWebKit/537.36 (KHTML, like Gecko) Chrome/73.0.3683.103 Safari/537.36"
::1 - - [18/Apr/2019:09:28:51 +0000] "POST /weathersearch HTTP/1.1" 200 - "http://localhost:8000/" "Mozilla/5.0 (Macintosh; Intel Mac OS X 10_13_6) AppleWebKit/537.36 (KHTML, like Gecko) Chrome/73.0.3683.103 Safari/537.36"
::1 - - [18/Apr/2019:09:28:51 +0000] "GET /publi/css/demo.css HTTP/1.1" 404 157 "http://localhost:8000/weathersearch" "Mozilla/5.0 (Macintosh; Intel Mac OS X 10_13_6) AppleWebKit/537.36 (KHTML, like Gecko) Chrome/73.0.3683.103 Safari/537.36"
::1 - - [18/Apr/2019:09:28:51 +0000] "GET /public/css/footer-distributed-with-address-and-phones.css HTTP/1.1" 404 196 "http://localhost:8000/weathersearch" "Mozilla/5.0 (Macintosh; Intel Mac OS X 10_13_6) AppleWebKit/537.36 (KHTML, like Gecko) Chrome/73.0.3683.103 Safari/537.36"
::1 - - [18/Apr/2019:09:28:51 +0000] "GET /public/css/footer-basic-centered.css HTTP/1.1" 404 175 "http://localhost:8000/weathersearch" "Mozilla/5.0 (Macintosh; Intel Mac OS X 10_13_6) AppleWebKit/537.36 (KHTML, like Gecko) Chrome/73.0.3683.103 Safari/537.36"
::1 - - [18/Apr/2019:09:28:51 +0000] "GET /public/css/footer-distributed-with-contact-form.css HTTP/1.1" 404 190 "http://localhost:8000/weathersearch" "Mozilla/5.0 (Macintosh; Intel Mac OS X 10_13_6) AppleWebKit/537.36 (KHTML, like Gecko) Chrome/73.0.3683.103 Safari/537.36"
::1 - - [18/Apr/2019:09:28:51 +0000] "GET /public/css/footer-distributed-with-search.css HTTP/1.1" 404 184 "http://localhost:8000/weathersearch" "Mozilla/5.0 (Macintosh; Intel Mac OS X 10_13_6) AppleWebKit/537.36 (KHTML, like Gecko) Chrome/73.0.3683.103 Safari/537.36"
::1 - - [18/Apr/2019:09:28:51 +0000] "GET /public/css/footer-distributed.css HTTP/1.1" 404 172 "http://localhost:8000/weathersearch" "Mozilla/5.0 (Macintosh; Intel Mac OS X 10_13_6) AppleWebKit/537.36 (KHTML, like Gecko) Chrome/73.0.3683.103 Safari/537.36"
::1 - - [18/Apr/2019:09:28:51 +0000] "GET /public/css/style.css HTTP/1.1" 404 159 "http://localhost:8000/weathersearch" "Mozilla/5.0 (Macintosh; Intel Mac OS X 10_13_6) AppleWebKit/537.36 (KHTML, like Gecko) Chrome/73.0.3683.103 Safari/537.36"
::1 - - [18/Apr/2019:09:28:51 +0000] "GET /server.js HTTP/1.1" 404 148 "http://localhost:8000/weathersearch" "Mozilla/5.0 (Macintosh; Intel Mac OS X 10_13_6) AppleWebKit/537.36 (KHTML, like Gecko) Chrome/73.0.3683.103 Safari/537.36"
::1 - - [18/Apr/2019:09:28:51 +0000] "GET /server.js HTTP/1.1" 404 148 "http://localhost:8000/weathersearch" "Mozilla/5.0 (Macintosh; Intel Mac OS X 10_13_6) AppleWebKit/537.36 (KHTML, like Gecko) Chrome/73.0.3683.103 Safari/537.36"
::1 - - [18/Apr/2019:09:31:06 +0000] "POST /weathersearch HTTP/1.1" 200 - "-" "Mozilla/5.0 (Macintosh; Intel Mac OS X 10_13_6) AppleWebKit/537.36 (KHTML, like Gecko) Chrome/73.0.3683.103 Safari/537.36"
::1 - - [18/Apr/2019:09:31:06 +0000] "GET /publi/css/demo.css HTTP/1.1" 404 157 "http://localhost:8000/weathersearch" "Mozilla/5.0 (Macintosh; Intel Mac OS X 10_13_6) AppleWebKit/537.36 (KHTML, like Gecko) Chrome/73.0.3683.103 Safari/537.36"
::1 - - [18/Apr/2019:09:31:06 +0000] "GET /public/css/footer-distributed-with-address-and-phones.css HTTP/1.1" 404 196 "http://localhost:8000/weathersearch" "Mozilla/5.0 (Macintosh; Intel Mac OS X 10_13_6) AppleWebKit/537.36 (KHTML, like Gecko) Chrome/73.0.3683.103 Safari/537.36"
::1 - - [18/Apr/2019:09:31:06 +0000] "GET /public/css/footer-basic-centered.css HTTP/1.1" 404 175 "http://localhost:8000/weathersearch" "Mozilla/5.0 (Macintosh; Intel Mac OS X 10_13_6) AppleWebKit/537.36 (KHTML, like Gecko) Chrome/73.0.3683.103 Safari/537.36"
::1 - - [18/Apr/2019:09:31:06 +0000] "GET /public/css/footer-distributed-with-contact-form.css HTTP/1.1" 404 190 "http://localhost:8000/weathersearch" "Mozilla/5.0 (Macintosh; Intel Mac OS X 10_13_6) AppleWebKit/537.36 (KHTML, like Gecko) Chrome/73.0.3683.103 Safari/537.36"
::1 - - [18/Apr/2019:09:31:06 +0000] "GET /public/css/footer-distributed-with-search.css HTTP/1.1" 404 184 "http://localhost:8000/weathersearch" "Mozilla/5.0 (Macintosh; Intel Mac OS X 10_13_6) AppleWebKit/537.36 (KHTML, like Gecko) Chrome/73.0.3683.103 Safari/537.36"
::1 - - [18/Apr/2019:09:31:06 +0000] "GET /public/css/footer-distributed.css HTTP/1.1" 404 172 "http://localhost:8000/weathersearch" "Mozilla/5.0 (Macintosh; Intel Mac OS X 10_13_6) AppleWebKit/537.36 (KHTML, like Gecko) Chrome/73.0.3683.103 Safari/537.36"
::1 - - [18/Apr/2019:09:31:06 +0000] "GET /public/css/style.css HTTP/1.1" 404 159 "http://localhost:8000/weathersearch" "Mozilla/5.0 (Macintosh; Intel Mac OS X 10_13_6) AppleWebKit/537.36 (KHTML, like Gecko) Chrome/73.0.3683.103 Safari/537.36"
::1 - - [18/Apr/2019:09:31:06 +0000] "GET /server.js HTTP/1.1" 404 148 "http://localhost:8000/weathersearch" "Mozilla/5.0 (Macintosh; Intel Mac OS X 10_13_6) AppleWebKit/537.36 (KHTML, like Gecko) Chrome/73.0.3683.103 Safari/537.36"
::1 - - [18/Apr/2019:09:31:07 +0000] "GET /server.js HTTP/1.1" 404 148 "http://localhost:8000/weathersearch" "Mozilla/5.0 (Macintosh; Intel Mac OS X 10_13_6) AppleWebKit/537.36 (KHTML, like Gecko) Chrome/73.0.3683.103 Safari/537.36"
::1 - - [18/Apr/2019:09:47:21 +0000] "GET / HTTP/1.1" 200 5711 "-" "Mozilla/5.0 (Macintosh; Intel Mac OS X 10_13_6) AppleWebKit/537.36 (KHTML, like Gecko) Chrome/73.0.3683.103 Safari/537.36"
::1 - - [18/Apr/2019:09:47:21 +0000] "GET /publi/css/demo.css HTTP/1.1" 404 157 "http://localhost:8000/" "Mozilla/5.0 (Macintosh; Intel Mac OS X 10_13_6) AppleWebKit/537.36 (KHTML, like Gecko) Chrome/73.0.3683.103 Safari/537.36"
::1 - - [18/Apr/2019:09:47:21 +0000] "GET /public/css/footer-distributed-with-address-and-phones.css HTTP/1.1" 404 196 "http://localhost:8000/" "Mozilla/5.0 (Macintosh; Intel Mac OS X 10_13_6) AppleWebKit/537.36 (KHTML, like Gecko) Chrome/73.0.3683.103 Safari/537.36"
::1 - - [18/Apr/2019:09:47:21 +0000] "GET /public/css/footer-basic-centered.css HTTP/1.1" 404 175 "http://localhost:8000/" "Mozilla/5.0 (Macintosh; Intel Mac OS X 10_13_6) AppleWebKit/537.36 (KHTML, like Gecko) Chrome/73.0.3683.103 Safari/537.36"
::1 - - [18/Apr/2019:09:47:21 +0000] "GET /public/css/footer-distributed-with-contact-form.css HTTP/1.1" 404 190 "http://localhost:8000/" "Mozilla/5.0 (Macintosh; Intel Mac OS X 10_13_6) AppleWebKit/537.36 (KHTML, like Gecko) Chrome/73.0.3683.103 Safari/537.36"
::1 - - [18/Apr/2019:09:47:21 +0000] "GET /public/css/footer-distributed-with-search.css HTTP/1.1" 404 184 "http://localhost:8000/" "Mozilla/5.0 (Macintosh; Intel Mac OS X 10_13_6) AppleWebKit/537.36 (KHTML, like Gecko) Chrome/73.0.3683.103 Safari/537.36"
::1 - - [18/Apr/2019:09:47:21 +0000] "GET /public/css/footer-distributed.css HTTP/1.1" 404 172 "http://localhost:8000/" "Mozilla/5.0 (Macintosh; Intel Mac OS X 10_13_6) AppleWebKit/537.36 (KHTML, like Gecko) Chrome/73.0.3683.103 Safari/537.36"
::1 - - [18/Apr/2019:09:47:21 +0000] "GET /public/css/style.css HTTP/1.1" 404 159 "http://localhost:8000/" "Mozilla/5.0 (Macintosh; Intel Mac OS X 10_13_6) AppleWebKit/537.36 (KHTML, like Gecko) Chrome/73.0.3683.103 Safari/537.36"
::1 - - [18/Apr/2019:09:47:21 +0000] "GET /server.js HTTP/1.1" 404 148 "http://localhost:8000/" "Mozilla/5.0 (Macintosh; Intel Mac OS X 10_13_6) AppleWebKit/537.36 (KHTML, like Gecko) Chrome/73.0.3683.103 Safari/537.36"
::1 - - [18/Apr/2019:09:47:21 +0000] "GET /server.js HTTP/1.1" 404 148 "http://localhost:8000/" "Mozilla/5.0 (Macintosh; Intel Mac OS X 10_13_6) AppleWebKit/537.36 (KHTML, like Gecko) Chrome/73.0.3683.103 Safari/537.36"
::1 - - [18/Apr/2019:09:47:25 +0000] "POST /weathersearch HTTP/1.1" 200 - "http://localhost:8000/" "Mozilla/5.0 (Macintosh; Intel Mac OS X 10_13_6) AppleWebKit/537.36 (KHTML, like Gecko) Chrome/73.0.3683.103 Safari/537.36"
::1 - - [18/Apr/2019:09:47:25 +0000] "GET /publi/css/demo.css HTTP/1.1" 404 157 "http://localhost:8000/weathersearch" "Mozilla/5.0 (Macintosh; Intel Mac OS X 10_13_6) AppleWebKit/537.36 (KHTML, like Gecko) Chrome/73.0.3683.103 Safari/537.36"
::1 - - [18/Apr/2019:09:47:25 +0000] "GET /public/css/footer-distributed-with-address-and-phones.css HTTP/1.1" 404 196 "http://localhost:8000/weathersearch" "Mozilla/5.0 (Macintosh; Intel Mac OS X 10_13_6) AppleWebKit/537.36 (KHTML, like Gecko) Chrome/73.0.3683.103 Safari/537.36"
::1 - - [18/Apr/2019:09:47:25 +0000] "GET /public/css/footer-basic-centered.css HTTP/1.1" 404 175 "http://localhost:8000/weathersearch" "Mozilla/5.0 (Macintosh; Intel Mac OS X 10_13_6) AppleWebKit/537.36 (KHTML, like Gecko) Chrome/73.0.3683.103 Safari/537.36"
::1 - - [18/Apr/2019:09:47:25 +0000] "GET /public/css/footer-distributed-with-contact-form.css HTTP/1.1" 404 190 "http://localhost:8000/weathersearch" "Mozilla/5.0 (Macintosh; Intel Mac OS X 10_13_6) AppleWebKit/537.36 (KHTML, like Gecko) Chrome/73.0.3683.103 Safari/537.36"
::1 - - [18/Apr/2019:09:47:25 +0000] "GET /public/css/footer-distributed-with-search.css HTTP/1.1" 404 184 "http://localhost:8000/weathersearch" "Mozilla/5.0 (Macintosh; Intel Mac OS X 10_13_6) AppleWebKit/537.36 (KHTML, like Gecko) Chrome/73.0.3683.103 Safari/537.36"
::1 - - [18/Apr/2019:09:47:25 +0000] "GET /public/css/footer-distributed.css HTTP/1.1" 404 172 "http://localhost:8000/weathersearch" "Mozilla/5.0 (Macintosh; Intel Mac OS X 10_13_6) AppleWebKit/537.36 (KHTML, like Gecko) Chrome/73.0.3683.103 Safari/537.36"
::1 - - [18/Apr/2019:09:47:25 +0000] "GET /public/css/style.css HTTP/1.1" 404 159 "http://localhost:8000/weathersearch" "Mozilla/5.0 (Macintosh; Intel Mac OS X 10_13_6) AppleWebKit/537.36 (KHTML, like Gecko) Chrome/73.0.3683.103 Safari/537.36"
::1 - - [18/Apr/2019:09:47:25 +0000] "GET /server.js HTTP/1.1" 404 148 "http://localhost:8000/weathersearch" "Mozilla/5.0 (Macintosh; Intel Mac OS X 10_13_6) AppleWebKit/537.36 (KHTML, like Gecko) Chrome/73.0.3683.103 Safari/537.36"
::1 - - [18/Apr/2019:09:47:25 +0000] "GET /server.js HTTP/1.1" 404 148 "http://localhost:8000/weathersearch" "Mozilla/5.0 (Macintosh; Intel Mac OS X 10_13_6) AppleWebKit/537.36 (KHTML, like Gecko) Chrome/73.0.3683.103 Safari/537.36"
::1 - - [18/Apr/2019:09:51:32 +0000] "GET /publi/css/demo.css HTTP/1.1" 404 157 "http://localhost:8000/weathersearch" "Mozilla/5.0 (Macintosh; Intel Mac OS X 10_13_6) AppleWebKit/537.36 (KHTML, like Gecko) Chrome/73.0.3683.103 Safari/537.36"
::1 - - [18/Apr/2019:09:51:32 +0000] "GET /public/css/footer-distributed-with-address-and-phones.css HTTP/1.1" 404 196 "http://localhost:8000/weathersearch" "Mozilla/5.0 (Macintosh; Intel Mac OS X 10_13_6) AppleWebKit/537.36 (KHTML, like Gecko) Chrome/73.0.3683.103 Safari/537.36"
::1 - - [18/Apr/2019:09:51:32 +0000] "GET /public/css/footer-basic-centered.css HTTP/1.1" 404 175 "http://localhost:8000/weathersearch" "Mozilla/5.0 (Macintosh; Intel Mac OS X 10_13_6) AppleWebKit/537.36 (KHTML, like Gecko) Chrome/73.0.3683.103 Safari/537.36"
::1 - - [18/Apr/2019:09:51:32 +0000] "GET /public/css/footer-distributed-with-contact-form.css HTTP/1.1" 404 190 "http://localhost:8000/weathersearch" "Mozilla/5.0 (Macintosh; Intel Mac OS X 10_13_6) AppleWebKit/537.36 (KHTML, like Gecko) Chrome/73.0.3683.103 Safari/537.36"
::1 - - [18/Apr/2019:09:51:32 +0000] "GET /public/css/footer-distributed-with-search.css HTTP/1.1" 404 184 "http://localhost:8000/weathersearch" "Mozilla/5.0 (Macintosh; Intel Mac OS X 10_13_6) AppleWebKit/537.36 (KHTML, like Gecko) Chrome/73.0.3683.103 Safari/537.36"
::1 - - [18/Apr/2019:09:51:32 +0000] "GET /public/css/footer-distributed.css HTTP/1.1" 404 172 "http://localhost:8000/weathersearch" "Mozilla/5.0 (Macintosh; Intel Mac OS X 10_13_6) AppleWebKit/537.36 (KHTML, like Gecko) Chrome/73.0.3683.103 Safari/537.36"
::1 - - [18/Apr/2019:09:51:32 +0000] "GET /public/css/style.css HTTP/1.1" 404 159 "http://localhost:8000/weathersearch" "Mozilla/5.0 (Macintosh; Intel Mac OS X 10_13_6) AppleWebKit/537.36 (KHTML, like Gecko) Chrome/73.0.3683.103 Safari/537.36"
::1 - - [18/Apr/2019:09:52:29 +0000] "GET / HTTP/1.1" 304 - "-" "Mozilla/5.0 (Macintosh; Intel Mac OS X 10_13_6) AppleWebKit/537.36 (KHTML, like Gecko) Chrome/73.0.3683.103 Safari/537.36"
::1 - - [18/Apr/2019:09:52:29 +0000] "GET /publi/css/demo.css HTTP/1.1" 404 157 "http://localhost:8000/" "Mozilla/5.0 (Macintosh; Intel Mac OS X 10_13_6) AppleWebKit/537.36 (KHTML, like Gecko) Chrome/73.0.3683.103 Safari/537.36"
::1 - - [18/Apr/2019:09:52:29 +0000] "GET /public/css/footer-distributed-with-address-and-phones.css HTTP/1.1" 404 196 "http://localhost:8000/" "Mozilla/5.0 (Macintosh; Intel Mac OS X 10_13_6) AppleWebKit/537.36 (KHTML, like Gecko) Chrome/73.0.3683.103 Safari/537.36"
::1 - - [18/Apr/2019:09:52:29 +0000] "GET /public/css/footer-basic-centered.css HTTP/1.1" 404 175 "http://localhost:8000/" "Mozilla/5.0 (Macintosh; Intel Mac OS X 10_13_6) AppleWebKit/537.36 (KHTML, like Gecko) Chrome/73.0.3683.103 Safari/537.36"
::1 - - [18/Apr/2019:09:52:29 +0000] "GET /public/css/footer-distributed-with-contact-form.css HTTP/1.1" 404 190 "http://localhost:8000/" "Mozilla/5.0 (Macintosh; Intel Mac OS X 10_13_6) AppleWebKit/537.36 (KHTML, like Gecko) Chrome/73.0.3683.103 Safari/537.36"
::1 - - [18/Apr/2019:09:52:29 +0000] "GET /public/css/footer-distributed-with-search.css HTTP/1.1" 404 184 "http://localhost:8000/" "Mozilla/5.0 (Macintosh; Intel Mac OS X 10_13_6) AppleWebKit/537.36 (KHTML, like Gecko) Chrome/73.0.3683.103 Safari/537.36"
::1 - - [18/Apr/2019:09:52:29 +0000] "GET /public/css/footer-distributed.css HTTP/1.1" 404 172 "http://localhost:8000/" "Mozilla/5.0 (Macintosh; Intel Mac OS X 10_13_6) AppleWebKit/537.36 (KHTML, like Gecko) Chrome/73.0.3683.103 Safari/537.36"
::1 - - [18/Apr/2019:09:52:30 +0000] "GET /public/css/style.css HTTP/1.1" 404 159 "http://localhost:8000/" "Mozilla/5.0 (Macintosh; Intel Mac OS X 10_13_6) AppleWebKit/537.36 (KHTML, like Gecko) Chrome/73.0.3683.103 Safari/537.36"
::1 - - [18/Apr/2019:09:52:30 +0000] "GET /server.js HTTP/1.1" 404 148 "http://localhost:8000/" "Mozilla/5.0 (Macintosh; Intel Mac OS X 10_13_6) AppleWebKit/537.36 (KHTML, like Gecko) Chrome/73.0.3683.103 Safari/537.36"
::1 - - [18/Apr/2019:09:52:31 +0000] "GET /server.js HTTP/1.1" 404 148 "http://localhost:8000/" "Mozilla/5.0 (Macintosh; Intel Mac OS X 10_13_6) AppleWebKit/537.36 (KHTML, like Gecko) Chrome/73.0.3683.103 Safari/537.36"
::1 - - [18/Apr/2019:09:52:35 +0000] "GET /publi/css/demo.css HTTP/1.1" 404 157 "http://localhost:8000/" "Mozilla/5.0 (Macintosh; Intel Mac OS X 10_13_6) AppleWebKit/537.36 (KHTML, like Gecko) Chrome/73.0.3683.103 Safari/537.36"
::1 - - [18/Apr/2019:09:52:35 +0000] "GET /public/css/footer-distributed-with-address-and-phones.css HTTP/1.1" 404 196 "http://localhost:8000/" "Mozilla/5.0 (Macintosh; Intel Mac OS X 10_13_6) AppleWebKit/537.36 (KHTML, like Gecko) Chrome/73.0.3683.103 Safari/537.36"
::1 - - [18/Apr/2019:09:52:35 +0000] "GET /public/css/footer-basic-centered.css HTTP/1.1" 404 175 "http://localhost:8000/" "Mozilla/5.0 (Macintosh; Intel Mac OS X 10_13_6) AppleWebKit/537.36 (KHTML, like Gecko) Chrome/73.0.3683.103 Safari/537.36"
::1 - - [18/Apr/2019:09:52:35 +0000] "GET /public/css/footer-distributed-with-contact-form.css HTTP/1.1" 404 190 "http://localhost:8000/" "Mozilla/5.0 (Macintosh; Intel Mac OS X 10_13_6) AppleWebKit/537.36 (KHTML, like Gecko) Chrome/73.0.3683.103 Safari/537.36"
::1 - - [18/Apr/2019:09:52:35 +0000] "GET /public/css/footer-distributed-with-search.css HTTP/1.1" 404 184 "http://localhost:8000/" "Mozilla/5.0 (Macintosh; Intel Mac OS X 10_13_6) AppleWebKit/537.36 (KHTML, like Gecko) Chrome/73.0.3683.103 Safari/537.36"
::1 - - [18/Apr/2019:09:52:35 +0000] "GET /public/css/footer-distributed.css HTTP/1.1" 404 172 "http://localhost:8000/" "Mozilla/5.0 (Macintosh; Intel Mac OS X 10_13_6) AppleWebKit/537.36 (KHTML, like Gecko) Chrome/73.0.3683.103 Safari/537.36"
::1 - - [18/Apr/2019:09:52:35 +0000] "GET /public/css/style.css HTTP/1.1" 404 159 "http://localhost:8000/" "Mozilla/5.0 (Macintosh; Intel Mac OS X 10_13_6) AppleWebKit/537.36 (KHTML, like Gecko) Chrome/73.0.3683.103 Safari/537.36"
::1 - - [18/Apr/2019:09:52:49 +0000] "POST /weathersearch HTTP/1.1" 200 - "http://localhost:8000/" "Mozilla/5.0 (Macintosh; Intel Mac OS X 10_13_6) AppleWebKit/537.36 (KHTML, like Gecko) Chrome/73.0.3683.103 Safari/537.36"
::1 - - [18/Apr/2019:09:52:49 +0000] "GET /publi/css/demo.css HTTP/1.1" 404 157 "http://localhost:8000/weathersearch" "Mozilla/5.0 (Macintosh; Intel Mac OS X 10_13_6) AppleWebKit/537.36 (KHTML, like Gecko) Chrome/73.0.3683.103 Safari/537.36"
::1 - - [18/Apr/2019:09:52:49 +0000] "GET /public/css/footer-distributed-with-address-and-phones.css HTTP/1.1" 404 196 "http://localhost:8000/weathersearch" "Mozilla/5.0 (Macintosh; Intel Mac OS X 10_13_6) AppleWebKit/537.36 (KHTML, like Gecko) Chrome/73.0.3683.103 Safari/537.36"
::1 - - [18/Apr/2019:09:52:49 +0000] "GET /public/css/footer-basic-centered.css HTTP/1.1" 404 175 "http://localhost:8000/weathersearch" "Mozilla/5.0 (Macintosh; Intel Mac OS X 10_13_6) AppleWebKit/537.36 (KHTML, like Gecko) Chrome/73.0.3683.103 Safari/537.36"
::1 - - [18/Apr/2019:09:52:49 +0000] "GET /public/css/style.css HTTP/1.1" 404 159 "http://localhost:8000/weathersearch" "Mozilla/5.0 (Macintosh; Intel Mac OS X 10_13_6) AppleWebKit/537.36 (KHTML, like Gecko) Chrome/73.0.3683.103 Safari/537.36"
::1 - - [18/Apr/2019:09:52:49 +0000] "GET /public/css/footer-distributed-with-contact-form.css HTTP/1.1" 404 190 "http://localhost:8000/weathersearch" "Mozilla/5.0 (Macintosh; Intel Mac OS X 10_13_6) AppleWebKit/537.36 (KHTML, like Gecko) Chrome/73.0.3683.103 Safari/537.36"
::1 - - [18/Apr/2019:09:52:49 +0000] "GET /public/css/footer-distributed-with-search.css HTTP/1.1" 404 184 "http://localhost:8000/weathersearch" "Mozilla/5.0 (Macintosh; Intel Mac OS X 10_13_6) AppleWebKit/537.36 (KHTML, like Gecko) Chrome/73.0.3683.103 Safari/537.36"
::1 - - [18/Apr/2019:09:52:49 +0000] "GET /public/css/footer-distributed.css HTTP/1.1" 404 172 "http://localhost:8000/weathersearch" "Mozilla/5.0 (Macintosh; Intel Mac OS X 10_13_6) AppleWebKit/537.36 (KHTML, like Gecko) Chrome/73.0.3683.103 Safari/537.36"
::1 - - [18/Apr/2019:09:52:49 +0000] "GET /server.js HTTP/1.1" 404 148 "http://localhost:8000/weathersearch" "Mozilla/5.0 (Macintosh; Intel Mac OS X 10_13_6) AppleWebKit/537.36 (KHTML, like Gecko) Chrome/73.0.3683.103 Safari/537.36"
::1 - - [18/Apr/2019:09:52:49 +0000] "GET /server.js HTTP/1.1" 404 148 "http://localhost:8000/weathersearch" "Mozilla/5.0 (Macintosh; Intel Mac OS X 10_13_6) AppleWebKit/537.36 (KHTML, like Gecko) Chrome/73.0.3683.103 Safari/537.36"
::1 - - [18/Apr/2019:09:53:46 +0000] "POST /weathersearch HTTP/1.1" 200 - "http://localhost:8000/" "Mozilla/5.0 (Macintosh; Intel Mac OS X 10_13_6) AppleWebKit/537.36 (KHTML, like Gecko) Chrome/73.0.3683.103 Safari/537.36"
::1 - - [18/Apr/2019:09:53:46 +0000] "GET /publi/css/demo.css HTTP/1.1" 404 157 "http://localhost:8000/weathersearch" "Mozilla/5.0 (Macintosh; Intel Mac OS X 10_13_6) AppleWebKit/537.36 (KHTML, like Gecko) Chrome/73.0.3683.103 Safari/537.36"
::1 - - [18/Apr/2019:09:53:46 +0000] "GET /public/css/footer-distributed-with-address-and-phones.css HTTP/1.1" 404 196 "http://localhost:8000/weathersearch" "Mozilla/5.0 (Macintosh; Intel Mac OS X 10_13_6) AppleWebKit/537.36 (KHTML, like Gecko) Chrome/73.0.3683.103 Safari/537.36"
::1 - - [18/Apr/2019:09:53:46 +0000] "GET /public/css/footer-basic-centered.css HTTP/1.1" 404 175 "http://localhost:8000/weathersearch" "Mozilla/5.0 (Macintosh; Intel Mac OS X 10_13_6) AppleWebKit/537.36 (KHTML, like Gecko) Chrome/73.0.3683.103 Safari/537.36"
::1 - - [18/Apr/2019:09:53:46 +0000] "GET /public/css/footer-distributed-with-contact-form.css HTTP/1.1" 404 190 "http://localhost:8000/weathersearch" "Mozilla/5.0 (Macintosh; Intel Mac OS X 10_13_6) AppleWebKit/537.36 (KHTML, like Gecko) Chrome/73.0.3683.103 Safari/537.36"
::1 - - [18/Apr/2019:09:53:46 +0000] "GET /Server.js HTTP/1.1" 404 148 "http://localhost:8000/weathersearch" "Mozilla/5.0 (Macintosh; Intel Mac OS X 10_13_6) AppleWebKit/537.36 (KHTML, like Gecko) Chrome/73.0.3683.103 Safari/537.36"
::1 - - [18/Apr/2019:09:53:46 +0000] "GET /public/css/footer-distributed-with-search.css HTTP/1.1" 404 184 "http://localhost:8000/weathersearch" "Mozilla/5.0 (Macintosh; Intel Mac OS X 10_13_6) AppleWebKit/537.36 (KHTML, like Gecko) Chrome/73.0.3683.103 Safari/537.36"
::1 - - [18/Apr/2019:09:53:46 +0000] "GET /public/css/footer-distributed.css HTTP/1.1" 404 172 "http://localhost:8000/weathersearch" "Mozilla/5.0 (Macintosh; Intel Mac OS X 10_13_6) AppleWebKit/537.36 (KHTML, like Gecko) Chrome/73.0.3683.103 Safari/537.36"
::1 - - [18/Apr/2019:09:53:46 +0000] "GET /public/css/style.css HTTP/1.1" 404 159 "http://localhost:8000/weathersearch" "Mozilla/5.0 (Macintosh; Intel Mac OS X 10_13_6) AppleWebKit/537.36 (KHTML, like Gecko) Chrome/73.0.3683.103 Safari/537.36"
::1 - - [18/Apr/2019:09:53:46 +0000] "GET /Server.js HTTP/1.1" 404 148 "http://localhost:8000/weathersearch" "Mozilla/5.0 (Macintosh; Intel Mac OS X 10_13_6) AppleWebKit/537.36 (KHTML, like Gecko) Chrome/73.0.3683.103 Safari/537.36"
::1 - - [18/Apr/2019:09:55:07 +0000] "GET / HTTP/1.1" 200 5720 "-" "Mozilla/5.0 (Macintosh; Intel Mac OS X 10_13_6) AppleWebKit/537.36 (KHTML, like Gecko) Chrome/73.0.3683.103 Safari/537.36"
::1 - - [18/Apr/2019:09:55:07 +0000] "GET /publi/css/demo.css HTTP/1.1" 404 157 "http://localhost:8000/" "Mozilla/5.0 (Macintosh; Intel Mac OS X 10_13_6) AppleWebKit/537.36 (KHTML, like Gecko) Chrome/73.0.3683.103 Safari/537.36"
::1 - - [18/Apr/2019:09:55:07 +0000] "GET /public/css/footer-distributed-with-address-and-phones.css HTTP/1.1" 404 196 "http://localhost:8000/" "Mozilla/5.0 (Macintosh; Intel Mac OS X 10_13_6) AppleWebKit/537.36 (KHTML, like Gecko) Chrome/73.0.3683.103 Safari/537.36"
::1 - - [18/Apr/2019:09:55:07 +0000] "GET /public/css/footer-basic-centered.css HTTP/1.1" 404 175 "http://localhost:8000/" "Mozilla/5.0 (Macintosh; Intel Mac OS X 10_13_6) AppleWebKit/537.36 (KHTML, like Gecko) Chrome/73.0.3683.103 Safari/537.36"
::1 - - [18/Apr/2019:09:55:07 +0000] "GET /public/css/footer-distributed-with-contact-form.css HTTP/1.1" 404 190 "http://localhost:8000/" "Mozilla/5.0 (Macintosh; Intel Mac OS X 10_13_6) AppleWebKit/537.36 (KHTML, like Gecko) Chrome/73.0.3683.103 Safari/537.36"
::1 - - [18/Apr/2019:09:55:07 +0000] "GET /public/css/footer-distributed-with-search.css HTTP/1.1" 404 184 "http://localhost:8000/" "Mozilla/5.0 (Macintosh; Intel Mac OS X 10_13_6) AppleWebKit/537.36 (KHTML, like Gecko) Chrome/73.0.3683.103 Safari/537.36"
::1 - - [18/Apr/2019:09:55:07 +0000] "GET /public/css/footer-distributed.css HTTP/1.1" 404 172 "http://localhost:8000/" "Mozilla/5.0 (Macintosh; Intel Mac OS X 10_13_6) AppleWebKit/537.36 (KHTML, like Gecko) Chrome/73.0.3683.103 Safari/537.36"
::1 - - [18/Apr/2019:09:55:07 +0000] "GET /public/css/style.css HTTP/1.1" 404 159 "http://localhost:8000/" "Mozilla/5.0 (Macintosh; Intel Mac OS X 10_13_6) AppleWebKit/537.36 (KHTML, like Gecko) Chrome/73.0.3683.103 Safari/537.36"
::1 - - [18/Apr/2019:09:55:16 +0000] "POST /weathersearch HTTP/1.1" 200 - "http://localhost:8000/" "Mozilla/5.0 (Macintosh; Intel Mac OS X 10_13_6) AppleWebKit/537.36 (KHTML, like Gecko) Chrome/73.0.3683.103 Safari/537.36"
::1 - - [18/Apr/2019:09:55:17 +0000] "GET /publi/css/demo.css HTTP/1.1" 404 157 "http://localhost:8000/weathersearch" "Mozilla/5.0 (Macintosh; Intel Mac OS X 10_13_6) AppleWebKit/537.36 (KHTML, like Gecko) Chrome/73.0.3683.103 Safari/537.36"
::1 - - [18/Apr/2019:09:55:17 +0000] "GET /public/css/footer-distributed-with-address-and-phones.css HTTP/1.1" 404 196 "http://localhost:8000/weathersearch" "Mozilla/5.0 (Macintosh; Intel Mac OS X 10_13_6) AppleWebKit/537.36 (KHTML, like Gecko) Chrome/73.0.3683.103 Safari/537.36"
::1 - - [18/Apr/2019:09:55:17 +0000] "GET /public/css/footer-basic-centered.css HTTP/1.1" 404 175 "http://localhost:8000/weathersearch" "Mozilla/5.0 (Macintosh; Intel Mac OS X 10_13_6) AppleWebKit/537.36 (KHTML, like Gecko) Chrome/73.0.3683.103 Safari/537.36"
::1 - - [18/Apr/2019:09:55:17 +0000] "GET /public/css/footer-distributed-with-contact-form.css HTTP/1.1" 404 190 "http://localhost:8000/weathersearch" "Mozilla/5.0 (Macintosh; Intel Mac OS X 10_13_6) AppleWebKit/537.36 (KHTML, like Gecko) Chrome/73.0.3683.103 Safari/537.36"
::1 - - [18/Apr/2019:09:55:17 +0000] "GET /public/css/footer-distributed-with-search.css HTTP/1.1" 404 184 "http://localhost:8000/weathersearch" "Mozilla/5.0 (Macintosh; Intel Mac OS X 10_13_6) AppleWebKit/537.36 (KHTML, like Gecko) Chrome/73.0.3683.103 Safari/537.36"
::1 - - [18/Apr/2019:09:55:17 +0000] "GET /public/css/footer-distributed.css HTTP/1.1" 404 172 "http://localhost:8000/weathersearch" "Mozilla/5.0 (Macintosh; Intel Mac OS X 10_13_6) AppleWebKit/537.36 (KHTML, like Gecko) Chrome/73.0.3683.103 Safari/537.36"
::1 - - [18/Apr/2019:09:55:17 +0000] "GET /public/css/style.css HTTP/1.1" 404 159 "http://localhost:8000/weathersearch" "Mozilla/5.0 (Macintosh; Intel Mac OS X 10_13_6) AppleWebKit/537.36 (KHTML, like Gecko) Chrome/73.0.3683.103 Safari/537.36"
::1 - - [18/Apr/2019:10:04:22 +0000] "GET / HTTP/1.1" 200 5832 "-" "Mozilla/5.0 (Macintosh; Intel Mac OS X 10_13_6) AppleWebKit/537.36 (KHTML, like Gecko) Chrome/73.0.3683.103 Safari/537.36"
::1 - - [18/Apr/2019:10:04:23 +0000] "GET /public/css/footer-distributed-with-search.css HTTP/1.1" 404 184 "http://localhost:8000/" "Mozilla/5.0 (Macintosh; Intel Mac OS X 10_13_6) AppleWebKit/537.36 (KHTML, like Gecko) Chrome/73.0.3683.103 Safari/537.36"
::1 - - [18/Apr/2019:10:04:23 +0000] "GET /public/css/footer-basic-centered.css HTTP/1.1" 404 175 "http://localhost:8000/" "Mozilla/5.0 (Macintosh; Intel Mac OS X 10_13_6) AppleWebKit/537.36 (KHTML, like Gecko) Chrome/73.0.3683.103 Safari/537.36"
::1 - - [18/Apr/2019:10:04:23 +0000] "GET /publi/css/demo.css HTTP/1.1" 404 157 "http://localhost:8000/" "Mozilla/5.0 (Macintosh; Intel Mac OS X 10_13_6) AppleWebKit/537.36 (KHTML, like Gecko) Chrome/73.0.3683.103 Safari/537.36"
::1 - - [18/Apr/2019:10:04:23 +0000] "GET /public/css/footer-distributed-with-address-and-phones.css HTTP/1.1" 404 196 "http://localhost:8000/" "Mozilla/5.0 (Macintosh; Intel Mac OS X 10_13_6) AppleWebKit/537.36 (KHTML, like Gecko) Chrome/73.0.3683.103 Safari/537.36"
::1 - - [18/Apr/2019:10:04:23 +0000] "GET /public/css/style.css HTTP/1.1" 404 159 "http://localhost:8000/" "Mozilla/5.0 (Macintosh; Intel Mac OS X 10_13_6) AppleWebKit/537.36 (KHTML, like Gecko) Chrome/73.0.3683.103 Safari/537.36"
::1 - - [18/Apr/2019:10:04:23 +0000] "GET /public/css/footer-distributed-with-contact-form.css HTTP/1.1" 404 190 "http://localhost:8000/" "Mozilla/5.0 (Macintosh; Intel Mac OS X 10_13_6) AppleWebKit/537.36 (KHTML, like Gecko) Chrome/73.0.3683.103 Safari/537.36"
::1 - - [18/Apr/2019:10:04:23 +0000] "GET /public/css/footer-distributed.css HTTP/1.1" 404 172 "http://localhost:8000/" "Mozilla/5.0 (Macintosh; Intel Mac OS X 10_13_6) AppleWebKit/537.36 (KHTML, like Gecko) Chrome/73.0.3683.103 Safari/537.36"
::1 - - [18/Apr/2019:10:18:12 +0000] "GET / HTTP/1.1" 304 - "-" "Mozilla/5.0 (Macintosh; Intel Mac OS X 10_13_6) AppleWebKit/537.36 (KHTML, like Gecko) Chrome/73.0.3683.103 Safari/537.36"
::1 - - [18/Apr/2019:10:18:13 +0000] "GET /public/css/footer-basic-centered.css HTTP/1.1" 404 175 "http://localhost:8000/" "Mozilla/5.0 (Macintosh; Intel Mac OS X 10_13_6) AppleWebKit/537.36 (KHTML, like Gecko) Chrome/73.0.3683.103 Safari/537.36"
::1 - - [18/Apr/2019:10:18:13 +0000] "GET /public/css/footer-distributed-with-search.css HTTP/1.1" 404 184 "http://localhost:8000/" "Mozilla/5.0 (Macintosh; Intel Mac OS X 10_13_6) AppleWebKit/537.36 (KHTML, like Gecko) Chrome/73.0.3683.103 Safari/537.36"
::1 - - [18/Apr/2019:10:18:13 +0000] "GET /publi/css/demo.css HTTP/1.1" 404 157 "http://localhost:8000/" "Mozilla/5.0 (Macintosh; Intel Mac OS X 10_13_6) AppleWebKit/537.36 (KHTML, like Gecko) Chrome/73.0.3683.103 Safari/537.36"
::1 - - [18/Apr/2019:10:18:13 +0000] "GET /public/css/footer-distributed.css HTTP/1.1" 404 172 "http://localhost:8000/" "Mozilla/5.0 (Macintosh; Intel Mac OS X 10_13_6) AppleWebKit/537.36 (KHTML, like Gecko) Chrome/73.0.3683.103 Safari/537.36"
::1 - - [18/Apr/2019:10:18:13 +0000] "GET /public/css/footer-distributed-with-address-and-phones.css HTTP/1.1" 404 196 "http://localhost:8000/" "Mozilla/5.0 (Macintosh; Intel Mac OS X 10_13_6) AppleWebKit/537.36 (KHTML, like Gecko) Chrome/73.0.3683.103 Safari/537.36"
::1 - - [18/Apr/2019:10:18:13 +0000] "GET /public/css/style.css HTTP/1.1" 404 159 "http://localhost:8000/" "Mozilla/5.0 (Macintosh; Intel Mac OS X 10_13_6) AppleWebKit/537.36 (KHTML, like Gecko) Chrome/73.0.3683.103 Safari/537.36"
::1 - - [18/Apr/2019:10:18:13 +0000] "GET /public/css/footer-distributed-with-contact-form.css HTTP/1.1" 404 190 "http://localhost:8000/" "Mozilla/5.0 (Macintosh; Intel Mac OS X 10_13_6) AppleWebKit/537.36 (KHTML, like Gecko) Chrome/73.0.3683.103 Safari/537.36"
::1 - - [18/Apr/2019:10:18:52 +0000] "GET / HTTP/1.1" 304 - "-" "Mozilla/5.0 (Macintosh; Intel Mac OS X 10_13_6) AppleWebKit/537.36 (KHTML, like Gecko) Chrome/73.0.3683.103 Safari/537.36"
::1 - - [18/Apr/2019:10:18:52 +0000] "GET /publi/css/demo.css HTTP/1.1" 404 157 "http://localhost:8000/" "Mozilla/5.0 (Macintosh; Intel Mac OS X 10_13_6) AppleWebKit/537.36 (KHTML, like Gecko) Chrome/73.0.3683.103 Safari/537.36"
::1 - - [18/Apr/2019:10:18:52 +0000] "GET /public/css/footer-distributed-with-address-and-phones.css HTTP/1.1" 404 196 "http://localhost:8000/" "Mozilla/5.0 (Macintosh; Intel Mac OS X 10_13_6) AppleWebKit/537.36 (KHTML, like Gecko) Chrome/73.0.3683.103 Safari/537.36"
::1 - - [18/Apr/2019:10:18:52 +0000] "GET /public/css/footer-basic-centered.css HTTP/1.1" 404 175 "http://localhost:8000/" "Mozilla/5.0 (Macintosh; Intel Mac OS X 10_13_6) AppleWebKit/537.36 (KHTML, like Gecko) Chrome/73.0.3683.103 Safari/537.36"
::1 - - [18/Apr/2019:10:18:52 +0000] "GET /public/css/footer-distributed-with-contact-form.css HTTP/1.1" 404 190 "http://localhost:8000/" "Mozilla/5.0 (Macintosh; Intel Mac OS X 10_13_6) AppleWebKit/537.36 (KHTML, like Gecko) Chrome/73.0.3683.103 Safari/537.36"
::1 - - [18/Apr/2019:10:18:52 +0000] "GET /public/css/footer-distributed-with-search.css HTTP/1.1" 404 184 "http://localhost:8000/" "Mozilla/5.0 (Macintosh; Intel Mac OS X 10_13_6) AppleWebKit/537.36 (KHTML, like Gecko) Chrome/73.0.3683.103 Safari/537.36"
::1 - - [18/Apr/2019:10:18:52 +0000] "GET /public/css/footer-distributed.css HTTP/1.1" 404 172 "http://localhost:8000/" "Mozilla/5.0 (Macintosh; Intel Mac OS X 10_13_6) AppleWebKit/537.36 (KHTML, like Gecko) Chrome/73.0.3683.103 Safari/537.36"
::1 - - [18/Apr/2019:10:18:52 +0000] "GET /public/css/style.css HTTP/1.1" 404 159 "http://localhost:8000/" "Mozilla/5.0 (Macintosh; Intel Mac OS X 10_13_6) AppleWebKit/537.36 (KHTML, like Gecko) Chrome/73.0.3683.103 Safari/537.36"
::1 - - [18/Apr/2019:10:18:58 +0000] "GET / HTTP/1.1" 304 - "-" "Mozilla/5.0 (Macintosh; Intel Mac OS X 10_13_6) AppleWebKit/537.36 (KHTML, like Gecko) Chrome/73.0.3683.103 Safari/537.36"
::1 - - [18/Apr/2019:10:18:58 +0000] "GET /publi/css/demo.css HTTP/1.1" 404 157 "http://localhost:8000/" "Mozilla/5.0 (Macintosh; Intel Mac OS X 10_13_6) AppleWebKit/537.36 (KHTML, like Gecko) Chrome/73.0.3683.103 Safari/537.36"
::1 - - [18/Apr/2019:10:18:58 +0000] "GET /public/css/footer-distributed-with-address-and-phones.css HTTP/1.1" 404 196 "http://localhost:8000/" "Mozilla/5.0 (Macintosh; Intel Mac OS X 10_13_6) AppleWebKit/537.36 (KHTML, like Gecko) Chrome/73.0.3683.103 Safari/537.36"
::1 - - [18/Apr/2019:10:18:58 +0000] "GET /public/css/footer-basic-centered.css HTTP/1.1" 404 175 "http://localhost:8000/" "Mozilla/5.0 (Macintosh; Intel Mac OS X 10_13_6) AppleWebKit/537.36 (KHTML, like Gecko) Chrome/73.0.3683.103 Safari/537.36"
::1 - - [18/Apr/2019:10:18:58 +0000] "GET /public/css/footer-distributed-with-contact-form.css HTTP/1.1" 404 190 "http://localhost:8000/" "Mozilla/5.0 (Macintosh; Intel Mac OS X 10_13_6) AppleWebKit/537.36 (KHTML, like Gecko) Chrome/73.0.3683.103 Safari/537.36"
::1 - - [18/Apr/2019:10:18:58 +0000] "GET /public/css/footer-distributed-with-search.css HTTP/1.1" 404 184 "http://localhost:8000/" "Mozilla/5.0 (Macintosh; Intel Mac OS X 10_13_6) AppleWebKit/537.36 (KHTML, like Gecko) Chrome/73.0.3683.103 Safari/537.36"
::1 - - [18/Apr/2019:10:18:58 +0000] "GET /public/css/footer-distributed.css HTTP/1.1" 404 172 "http://localhost:8000/" "Mozilla/5.0 (Macintosh; Intel Mac OS X 10_13_6) AppleWebKit/537.36 (KHTML, like Gecko) Chrome/73.0.3683.103 Safari/537.36"
::1 - - [18/Apr/2019:10:18:58 +0000] "GET /public/css/style.css HTTP/1.1" 404 159 "http://localhost:8000/" "Mozilla/5.0 (Macintosh; Intel Mac OS X 10_13_6) AppleWebKit/537.36 (KHTML, like Gecko) Chrome/73.0.3683.103 Safari/537.36"
::1 - - [18/Apr/2019:10:21:40 +0000] "GET /publi/css/demo.css HTTP/1.1" 404 157 "http://localhost:8000/" "Mozilla/5.0 (Macintosh; Intel Mac OS X 10_13_6) AppleWebKit/537.36 (KHTML, like Gecko) Chrome/73.0.3683.103 Safari/537.36"
::1 - - [18/Apr/2019:10:21:40 +0000] "GET /public/css/footer-distributed-with-address-and-phones.css HTTP/1.1" 404 196 "http://localhost:8000/" "Mozilla/5.0 (Macintosh; Intel Mac OS X 10_13_6) AppleWebKit/537.36 (KHTML, like Gecko) Chrome/73.0.3683.103 Safari/537.36"
::1 - - [18/Apr/2019:10:21:40 +0000] "GET /public/css/footer-basic-centered.css HTTP/1.1" 404 175 "http://localhost:8000/" "Mozilla/5.0 (Macintosh; Intel Mac OS X 10_13_6) AppleWebKit/537.36 (KHTML, like Gecko) Chrome/73.0.3683.103 Safari/537.36"
::1 - - [18/Apr/2019:10:21:40 +0000] "GET /public/css/footer-distributed-with-contact-form.css HTTP/1.1" 404 190 "http://localhost:8000/" "Mozilla/5.0 (Macintosh; Intel Mac OS X 10_13_6) AppleWebKit/537.36 (KHTML, like Gecko) Chrome/73.0.3683.103 Safari/537.36"
::1 - - [18/Apr/2019:10:21:40 +0000] "GET /public/css/footer-distributed-with-search.css HTTP/1.1" 404 184 "http://localhost:8000/" "Mozilla/5.0 (Macintosh; Intel Mac OS X 10_13_6) AppleWebKit/537.36 (KHTML, like Gecko) Chrome/73.0.3683.103 Safari/537.36"
::1 - - [18/Apr/2019:10:21:40 +0000] "GET /public/css/footer-distributed.css HTTP/1.1" 404 172 "http://localhost:8000/" "Mozilla/5.0 (Macintosh; Intel Mac OS X 10_13_6) AppleWebKit/537.36 (KHTML, like Gecko) Chrome/73.0.3683.103 Safari/537.36"
::1 - - [18/Apr/2019:10:21:40 +0000] "GET /public/css/style.css HTTP/1.1" 404 159 "http://localhost:8000/" "Mozilla/5.0 (Macintosh; Intel Mac OS X 10_13_6) AppleWebKit/537.36 (KHTML, like Gecko) Chrome/73.0.3683.103 Safari/537.36"
::1 - - [18/Apr/2019:10:26:40 +0000] "GET / HTTP/1.1" 200 5791 "-" "Mozilla/5.0 (Macintosh; Intel Mac OS X 10_13_6) AppleWebKit/537.36 (KHTML, like Gecko) Chrome/73.0.3683.103 Safari/537.36"
::1 - - [18/Apr/2019:10:27:00 +0000] "POST /weathersearch HTTP/1.1" 200 - "-" "Mozilla/5.0 (Macintosh; Intel Mac OS X 10_13_6) AppleWebKit/537.36 (KHTML, like Gecko) Chrome/73.0.3683.103 Safari/537.36"
::1 - - [18/Apr/2019:10:27:26 +0000] "POST /weathersearch HTTP/1.1" 200 - "http://localhost:8000/weathersearch" "Mozilla/5.0 (Macintosh; Intel Mac OS X 10_13_6) AppleWebKit/537.36 (KHTML, like Gecko) Chrome/73.0.3683.103 Safari/537.36"
::1 - - [18/Apr/2019:10:30:11 +0000] "GET / HTTP/1.1" 200 5782 "-" "Mozilla/5.0 (Macintosh; Intel Mac OS X 10_13_6) AppleWebKit/537.36 (KHTML, like Gecko) Chrome/73.0.3683.103 Safari/537.36"
::1 - - [18/Apr/2019:10:30:12 +0000] "GET /Server.js HTTP/1.1" 404 148 "http://localhost:8000/" "Mozilla/5.0 (Macintosh; Intel Mac OS X 10_13_6) AppleWebKit/537.36 (KHTML, like Gecko) Chrome/73.0.3683.103 Safari/537.36"
::1 - - [18/Apr/2019:10:30:13 +0000] "GET /Server.js HTTP/1.1" 404 148 "http://localhost:8000/" "Mozilla/5.0 (Macintosh; Intel Mac OS X 10_13_6) AppleWebKit/537.36 (KHTML, like Gecko) Chrome/73.0.3683.103 Safari/537.36"
::1 - - [18/Apr/2019:10:30:17 +0000] "POST /weathersearch HTTP/1.1" 200 - "http://localhost:8000/" "Mozilla/5.0 (Macintosh; Intel Mac OS X 10_13_6) AppleWebKit/537.36 (KHTML, like Gecko) Chrome/73.0.3683.103 Safari/537.36"
::1 - - [18/Apr/2019:10:30:17 +0000] "GET /Server.js HTTP/1.1" 404 148 "http://localhost:8000/weathersearch" "Mozilla/5.0 (Macintosh; Intel Mac OS X 10_13_6) AppleWebKit/537.36 (KHTML, like Gecko) Chrome/73.0.3683.103 Safari/537.36"
::1 - - [18/Apr/2019:10:30:17 +0000] "GET /Server.js HTTP/1.1" 404 148 "http://localhost:8000/weathersearch" "Mozilla/5.0 (Macintosh; Intel Mac OS X 10_13_6) AppleWebKit/537.36 (KHTML, like Gecko) Chrome/73.0.3683.103 Safari/537.36"
::1 - - [18/Apr/2019:10:32:13 +0000] "GET / HTTP/1.1" 200 5763 "-" "Mozilla/5.0 (Macintosh; Intel Mac OS X 10_13_6) AppleWebKit/537.36 (KHTML, like Gecko) Chrome/73.0.3683.103 Safari/537.36"
::1 - - [18/Apr/2019:10:32:13 +0000] "GET /Server.js HTTP/1.1" 404 148 "http://localhost:8000/" "Mozilla/5.0 (Macintosh; Intel Mac OS X 10_13_6) AppleWebKit/537.36 (KHTML, like Gecko) Chrome/73.0.3683.103 Safari/537.36"
::1 - - [18/Apr/2019:10:32:14 +0000] "GET /Server.js HTTP/1.1" 404 148 "http://localhost:8000/" "Mozilla/5.0 (Macintosh; Intel Mac OS X 10_13_6) AppleWebKit/537.36 (KHTML, like Gecko) Chrome/73.0.3683.103 Safari/537.36"
::1 - - [18/Apr/2019:10:32:55 +0000] "GET / HTTP/1.1" 200 5782 "-" "Mozilla/5.0 (Macintosh; Intel Mac OS X 10_13_6) AppleWebKit/537.36 (KHTML, like Gecko) Chrome/73.0.3683.103 Safari/537.36"
::1 - - [18/Apr/2019:10:32:55 +0000] "GET /Server.js HTTP/1.1" 404 148 "http://localhost:8000/" "Mozilla/5.0 (Macintosh; Intel Mac OS X 10_13_6) AppleWebKit/537.36 (KHTML, like Gecko) Chrome/73.0.3683.103 Safari/537.36"
::1 - - [18/Apr/2019:10:32:55 +0000] "GET /Server.js HTTP/1.1" 404 148 "http://localhost:8000/" "Mozilla/5.0 (Macintosh; Intel Mac OS X 10_13_6) AppleWebKit/537.36 (KHTML, like Gecko) Chrome/73.0.3683.103 Safari/537.36"
::1 - - [18/Apr/2019:10:33:17 +0000] "GET / HTTP/1.1" 200 5782 "-" "Mozilla/5.0 (Macintosh; Intel Mac OS X 10_13_6) AppleWebKit/537.36 (KHTML, like Gecko) Chrome/73.0.3683.103 Safari/537.36"
::1 - - [18/Apr/2019:10:33:17 +0000] "GET /Server.js HTTP/1.1" 404 148 "http://localhost:8000/" "Mozilla/5.0 (Macintosh; Intel Mac OS X 10_13_6) AppleWebKit/537.36 (KHTML, like Gecko) Chrome/73.0.3683.103 Safari/537.36"
::1 - - [18/Apr/2019:10:33:18 +0000] "GET /Server.js HTTP/1.1" 404 148 "http://localhost:8000/" "Mozilla/5.0 (Macintosh; Intel Mac OS X 10_13_6) AppleWebKit/537.36 (KHTML, like Gecko) Chrome/73.0.3683.103 Safari/537.36"
::1 - - [18/Apr/2019:10:48:32 +0000] "GET / HTTP/1.1" 200 5784 "-" "Mozilla/5.0 (Macintosh; Intel Mac OS X 10_13_6) AppleWebKit/537.36 (KHTML, like Gecko) Chrome/73.0.3683.103 Safari/537.36"
::1 - - [18/Apr/2019:10:48:33 +0000] "GET /Server.js HTTP/1.1" 404 148 "http://localhost:8000/" "Mozilla/5.0 (Macintosh; Intel Mac OS X 10_13_6) AppleWebKit/537.36 (KHTML, like Gecko) Chrome/73.0.3683.103 Safari/537.36"
::1 - - [18/Apr/2019:10:48:35 +0000] "GET /Server.js HTTP/1.1" 404 148 "http://localhost:8000/" "Mozilla/5.0 (Macintosh; Intel Mac OS X 10_13_6) AppleWebKit/537.36 (KHTML, like Gecko) Chrome/73.0.3683.103 Safari/537.36"
::1 - - [18/Apr/2019:10:49:17 +0000] "POST /weathersearch HTTP/1.1" 200 - "http://localhost:8000/" "Mozilla/5.0 (Macintosh; Intel Mac OS X 10_13_6) AppleWebKit/537.36 (KHTML, like Gecko) Chrome/73.0.3683.103 Safari/537.36"
::1 - - [18/Apr/2019:10:49:17 +0000] "GET /Server.js HTTP/1.1" 404 148 "http://localhost:8000/weathersearch" "Mozilla/5.0 (Macintosh; Intel Mac OS X 10_13_6) AppleWebKit/537.36 (KHTML, like Gecko) Chrome/73.0.3683.103 Safari/537.36"
::1 - - [18/Apr/2019:10:49:18 +0000] "GET /Server.js HTTP/1.1" 404 148 "http://localhost:8000/weathersearch" "Mozilla/5.0 (Macintosh; Intel Mac OS X 10_13_6) AppleWebKit/537.36 (KHTML, like Gecko) Chrome/73.0.3683.103 Safari/537.36"
::1 - - [18/Apr/2019:10:50:01 +0000] "GET / HTTP/1.1" 200 5783 "-" "Mozilla/5.0 (Macintosh; Intel Mac OS X 10_13_6) AppleWebKit/537.36 (KHTML, like Gecko) Chrome/73.0.3683.103 Safari/537.36"
::1 - - [18/Apr/2019:10:50:01 +0000] "GET /Server.js HTTP/1.1" 404 148 "http://localhost:8000/" "Mozilla/5.0 (Macintosh; Intel Mac OS X 10_13_6) AppleWebKit/537.36 (KHTML, like Gecko) Chrome/73.0.3683.103 Safari/537.36"
::1 - - [18/Apr/2019:10:50:01 +0000] "GET /Server.js HTTP/1.1" 404 148 "http://localhost:8000/" "Mozilla/5.0 (Macintosh; Intel Mac OS X 10_13_6) AppleWebKit/537.36 (KHTML, like Gecko) Chrome/73.0.3683.103 Safari/537.36"
::1 - - [18/Apr/2019:10:50:36 +0000] "GET / HTTP/1.1" 200 5792 "-" "Mozilla/5.0 (Macintosh; Intel Mac OS X 10_13_6) AppleWebKit/537.36 (KHTML, like Gecko) Chrome/73.0.3683.103 Safari/537.36"
::1 - - [18/Apr/2019:10:50:42 +0000] "POST /weathersearch HTTP/1.1" 200 - "http://localhost:8000/" "Mozilla/5.0 (Macintosh; Intel Mac OS X 10_13_6) AppleWebKit/537.36 (KHTML, like Gecko) Chrome/73.0.3683.103 Safari/537.36"
::1 - - [18/Apr/2019:10:54:39 +0000] "GET / HTTP/1.1" 200 5804 "-" "Mozilla/5.0 (Macintosh; Intel Mac OS X 10_13_6) AppleWebKit/537.36 (KHTML, like Gecko) Chrome/73.0.3683.103 Safari/537.36"
::1 - - [18/Apr/2019:10:58:48 +0000] "GET / HTTP/1.1" 200 5787 "-" "Mozilla/5.0 (Macintosh; Intel Mac OS X 10_13_6) AppleWebKit/537.36 (KHTML, like Gecko) Chrome/73.0.3683.103 Safari/537.36"
::1 - - [18/Apr/2019:10:59:17 +0000] "GET / HTTP/1.1" 200 5793 "-" "Mozilla/5.0 (Macintosh; Intel Mac OS X 10_13_6) AppleWebKit/537.36 (KHTML, like Gecko) Chrome/73.0.3683.103 Safari/537.36"
::1 - - [18/Apr/2019:11:00:46 +0000] "GET / HTTP/1.1" 200 5848 "-" "Mozilla/5.0 (Macintosh; Intel Mac OS X 10_13_6) AppleWebKit/537.36 (KHTML, like Gecko) Chrome/73.0.3683.103 Safari/537.36"
::1 - - [18/Apr/2019:11:00:46 +0000] "GET /bootstrap-social.css HTTP/1.1" 404 159 "http://localhost:8000/" "Mozilla/5.0 (Macintosh; Intel Mac OS X 10_13_6) AppleWebKit/537.36 (KHTML, like Gecko) Chrome/73.0.3683.103 Safari/537.36"
::1 - - [18/Apr/2019:11:01:30 +0000] "POST /weathersearch HTTP/1.1" 200 - "http://localhost:8000/" "Mozilla/5.0 (Macintosh; Intel Mac OS X 10_13_6) AppleWebKit/537.36 (KHTML, like Gecko) Chrome/73.0.3683.103 Safari/537.36"
::1 - - [18/Apr/2019:11:01:30 +0000] "GET /bootstrap-social.css HTTP/1.1" 404 159 "http://localhost:8000/weathersearch" "Mozilla/5.0 (Macintosh; Intel Mac OS X 10_13_6) AppleWebKit/537.36 (KHTML, like Gecko) Chrome/73.0.3683.103 Safari/537.36"
::1 - - [18/Apr/2019:11:01:34 +0000] "GET /bootstrap-social.css HTTP/1.1" 404 159 "http://localhost:8000/weathersearch" "Mozilla/5.0 (Macintosh; Intel Mac OS X 10_13_6) AppleWebKit/537.36 (KHTML, like Gecko) Chrome/73.0.3683.103 Safari/537.36"
::1 - - [18/Apr/2019:11:01:58 +0000] "GET / HTTP/1.1" 200 5793 "-" "Mozilla/5.0 (Macintosh; Intel Mac OS X 10_13_6) AppleWebKit/537.36 (KHTML, like Gecko) Chrome/73.0.3683.103 Safari/537.36"
::1 - - [18/Apr/2019:11:02:05 +0000] "POST /weathersearch HTTP/1.1" 200 - "http://localhost:8000/" "Mozilla/5.0 (Macintosh; Intel Mac OS X 10_13_6) AppleWebKit/537.36 (KHTML, like Gecko) Chrome/73.0.3683.103 Safari/537.36"
::1 - - [18/Apr/2019:11:08:24 +0000] "GET / HTTP/1.1" 200 5802 "-" "Mozilla/5.0 (Macintosh; Intel Mac OS X 10_13_6) AppleWebKit/537.36 (KHTML, like Gecko) Chrome/73.0.3683.103 Safari/537.36"
::1 - - [18/Apr/2019:11:08:31 +0000] "POST /weathersearch HTTP/1.1" 200 - "http://localhost:8000/" "Mozilla/5.0 (Macintosh; Intel Mac OS X 10_13_6) AppleWebKit/537.36 (KHTML, like Gecko) Chrome/73.0.3683.103 Safari/537.36"
::1 - - [18/Apr/2019:11:26:45 +0000] "GET / HTTP/1.1" 200 5834 "-" "Mozilla/5.0 (Macintosh; Intel Mac OS X 10_13_6) AppleWebKit/537.36 (KHTML, like Gecko) Chrome/73.0.3683.103 Safari/537.36"
::1 - - [18/Apr/2019:11:26:57 +0000] "POST /weathersearch HTTP/1.1" 200 - "http://localhost:8000/" "Mozilla/5.0 (Macintosh; Intel Mac OS X 10_13_6) AppleWebKit/537.36 (KHTML, like Gecko) Chrome/73.0.3683.103 Safari/537.36"
::1 - - [18/Apr/2019:11:28:03 +0000] "POST /weathersearch HTTP/1.1" 200 - "http://localhost:8000/" "Mozilla/5.0 (Macintosh; Intel Mac OS X 10_13_6) AppleWebKit/537.36 (KHTML, like Gecko) Chrome/73.0.3683.103 Safari/537.36"
::1 - - [18/Apr/2019:11:28:07 +0000] "GET / HTTP/1.1" 200 5832 "-" "Mozilla/5.0 (Macintosh; Intel Mac OS X 10_13_6) AppleWebKit/537.36 (KHTML, like Gecko) Chrome/73.0.3683.103 Safari/537.36"
::1 - - [18/Apr/2019:11:28:11 +0000] "POST /weathersearch HTTP/1.1" 200 - "http://localhost:8000/" "Mozilla/5.0 (Macintosh; Intel Mac OS X 10_13_6) AppleWebKit/537.36 (KHTML, like Gecko) Chrome/73.0.3683.103 Safari/537.36"
::1 - - [18/Apr/2019:11:29:08 +0000] "GET / HTTP/1.1" 304 - "-" "Mozilla/5.0 (Macintosh; Intel Mac OS X 10_13_6) AppleWebKit/537.36 (KHTML, like Gecko) Chrome/73.0.3683.103 Safari/537.36"
::1 - - [18/Apr/2019:11:29:12 +0000] "POST /weathersearch HTTP/1.1" 200 - "http://localhost:8000/" "Mozilla/5.0 (Macintosh; Intel Mac OS X 10_13_6) AppleWebKit/537.36 (KHTML, like Gecko) Chrome/73.0.3683.103 Safari/537.36"
::1 - - [18/Apr/2019:11:41:19 +0000] "GET / HTTP/1.1" 200 5844 "-" "Mozilla/5.0 (Macintosh; Intel Mac OS X 10_13_6) AppleWebKit/537.36 (KHTML, like Gecko) Chrome/73.0.3683.103 Safari/537.36"
::1 - - [18/Apr/2019:11:47:07 +0000] "GET / HTTP/1.1" 304 - "-" "Mozilla/5.0 (Macintosh; Intel Mac OS X 10_13_6) AppleWebKit/537.36 (KHTML, like Gecko) Chrome/73.0.3683.103 Safari/537.36"
::1 - - [18/Apr/2019:11:55:15 +0000] "GET / HTTP/1.1" 304 - "-" "Mozilla/5.0 (Macintosh; Intel Mac OS X 10_13_6) AppleWebKit/537.36 (KHTML, like Gecko) Chrome/73.0.3683.103 Safari/537.36"
::1 - - [18/Apr/2019:11:55:20 +0000] "POST /weathersearch HTTP/1.1" 200 - "http://localhost:8000/" "Mozilla/5.0 (Macintosh; Intel Mac OS X 10_13_6) AppleWebKit/537.36 (KHTML, like Gecko) Chrome/73.0.3683.103 Safari/537.36"
::1 - - [18/Apr/2019:11:56:15 +0000] "GET / HTTP/1.1" 304 - "-" "Mozilla/5.0 (Macintosh; Intel Mac OS X 10_13_6) AppleWebKit/537.36 (KHTML, like Gecko) Chrome/73.0.3683.103 Safari/537.36"
::1 - - [18/Apr/2019:11:56:19 +0000] "POST /weathersearch HTTP/1.1" 200 - "http://localhost:8000/" "Mozilla/5.0 (Macintosh; Intel Mac OS X 10_13_6) AppleWebKit/537.36 (KHTML, like Gecko) Chrome/73.0.3683.103 Safari/537.36"
::1 - - [18/Apr/2019:11:57:05 +0000] "GET / HTTP/1.1" 304 - "-" "Mozilla/5.0 (Macintosh; Intel Mac OS X 10_13_6) AppleWebKit/537.36 (KHTML, like Gecko) Chrome/73.0.3683.103 Safari/537.36"
::1 - - [18/Apr/2019:11:57:09 +0000] "POST /weathersearch HTTP/1.1" 200 - "http://localhost:8000/" "Mozilla/5.0 (Macintosh; Intel Mac OS X 10_13_6) AppleWebKit/537.36 (KHTML, like Gecko) Chrome/73.0.3683.103 Safari/537.36"
::1 - - [18/Apr/2019:12:00:30 +0000] "GET / HTTP/1.1" 304 - "-" "Mozilla/5.0 (Macintosh; Intel Mac OS X 10_13_6) AppleWebKit/537.36 (KHTML, like Gecko) Chrome/73.0.3683.103 Safari/537.36"
::1 - - [18/Apr/2019:12:00:35 +0000] "POST /weathersearch HTTP/1.1" 200 - "http://localhost:8000/" "Mozilla/5.0 (Macintosh; Intel Mac OS X 10_13_6) AppleWebKit/537.36 (KHTML, like Gecko) Chrome/73.0.3683.103 Safari/537.36"
::1 - - [18/Apr/2019:12:09:24 +0000] "GET / HTTP/1.1" 200 5879 "-" "Mozilla/5.0 (Macintosh; Intel Mac OS X 10_13_6) AppleWebKit/537.36 (KHTML, like Gecko) Chrome/73.0.3683.103 Safari/537.36"
::1 - - [18/Apr/2019:12:09:32 +0000] "POST /weathersearch HTTP/1.1" 200 - "http://localhost:8000/" "Mozilla/5.0 (Macintosh; Intel Mac OS X 10_13_6) AppleWebKit/537.36 (KHTML, like Gecko) Chrome/73.0.3683.103 Safari/537.36"
::1 - - [18/Apr/2019:12:15:31 +0000] "GET / HTTP/1.1" 200 6262 "-" "Mozilla/5.0 (Macintosh; Intel Mac OS X 10_13_6) AppleWebKit/537.36 (KHTML, like Gecko) Chrome/73.0.3683.103 Safari/537.36"
::1 - - [18/Apr/2019:12:17:43 +0000] "GET / HTTP/1.1" 200 6396 "-" "Mozilla/5.0 (Macintosh; Intel Mac OS X 10_13_6) AppleWebKit/537.36 (KHTML, like Gecko) Chrome/73.0.3683.103 Safari/537.36"
::1 - - [18/Apr/2019:12:17:48 +0000] "POST /weathersearch HTTP/1.1" 200 - "http://localhost:8000/" "Mozilla/5.0 (Macintosh; Intel Mac OS X 10_13_6) AppleWebKit/537.36 (KHTML, like Gecko) Chrome/73.0.3683.103 Safari/537.36"
::1 - - [18/Apr/2019:12:19:30 +0000] "GET / HTTP/1.1" 200 6386 "-" "Mozilla/5.0 (Macintosh; Intel Mac OS X 10_13_6) AppleWebKit/537.36 (KHTML, like Gecko) Chrome/73.0.3683.103 Safari/537.36"
::1 - - [18/Apr/2019:12:19:37 +0000] "POST /weathersearch HTTP/1.1" 200 - "http://localhost:8000/" "Mozilla/5.0 (Macintosh; Intel Mac OS X 10_13_6) AppleWebKit/537.36 (KHTML, like Gecko) Chrome/73.0.3683.103 Safari/537.36"
